
–õ–û–ì –†–ê–ë–û–¢–´ –°–ï–†–í–ï–†–ê –ü–û –ü–ï–†–ï–í–û–î–£ –î–ï–ù–ï–ì –° –ö–ê–†–¢–´ –ù–ê –ö–ê–†–¢–£:
1. [Thu Feb 09 15:02:47 MSK 2023] –ó–∞–ø—É—Å—Ç–∞–µ—Ç—Å—è MoneyTransferApplication
2. [Thu Feb 09 15:03:05 MSK 2023] –ü–æ–ª—É—á–∏–ª–∏ –∏—Å—Ö–æ–¥–Ω—ã–µ —Å–≤–µ–¥–µ–Ω–∏—è: CardToCardInfo{cardFromNumber='3425432664564646', cardFromValidTill='12/45', cardFromCVV='232', cardToNumber='3123214512351235', amount=Amount{value=123500, currency='RUR'}}
3. [Thu Feb 09 15:03:05 MSK 2023] –í—Å–µ –æ–∫
4. [Thu Feb 09 15:03:18 MSK 2023] –ü–æ–ª—É—á–∏–ª–∏ –∏—Å—Ö–æ–¥–Ω—ã–µ —Å–≤–µ–¥–µ–Ω–∏—è: CardToCardInfo{cardFromNumber='3243452345243243', cardFromValidTill='01/34', cardFromCVV='344', cardToNumber='3434434662436242', amount=Amount{value=234600, currency='RUR'}}
5. [Thu Feb 09 15:03:18 MSK 2023] –í—Å–µ –æ–∫
6. [Thu Feb 09 15:03:30 MSK 2023] –ü–æ–ª—É—á–∏–ª–∏ –∏—Å—Ö–æ–¥–Ω—ã–µ —Å–≤–µ–¥–µ–Ω–∏—è: CardToCardInfo{cardFromNumber='5676584654657345', cardFromValidTill='01/45', cardFromCVV='345', cardToNumber='2346243624362456', amount=Amount{value=234600, currency='RUR'}}
7. [Thu Feb 09 15:03:30 MSK 2023] –í—Å–µ –æ–∫

–õ–û–ì –†–ê–ë–û–¢–´ –°–ï–†–í–ï–†–ê –ü–û –ü–ï–†–ï–í–û–î–£ –î–ï–ù–ï–ì –° –ö–ê–†–¢–´ –ù–ê –ö–ê–†–¢–£:
1. [Thu Feb 09 15:05:03 MSK 2023] –ó–∞–ø—É—Å—Ç–∞–µ—Ç—Å—è MoneyTransferApplication
2. [Thu Feb 09 15:05:06 MSK 2023] Dct pfgeotyj

–õ–û–ì –†–ê–ë–û–¢–´ –°–ï–†–í–ï–†–ê –ü–û –ü–ï–†–ï–í–û–î–£ –î–ï–ù–ï–ì –° –ö–ê–†–¢–´ –ù–ê –ö–ê–†–¢–£:
1. [Thu Feb 09 15:27:10 MSK 2023] –ó–∞–ø—É—Å—Ç–∞–µ—Ç—Å—è MoneyTransferApplication
2. [Thu Feb 09 15:27:34 MSK 2023] –ü–æ–ª—É—á–∏–ª–∏ –∏—Å—Ö–æ–¥–Ω—ã–µ —Å–≤–µ–¥–µ–Ω–∏—è: CardToCardInfo{cardFromNumber='2346245645236423', cardFromValidTill='01/44', cardFromCVV='345', cardToNumber='3456234624562456', amount=Amount{value=436500, currency='RUR'}}
3. [Thu Feb 09 15:28:03 MSK 2023] –ü–æ–ª—É—á–∏–ª–∏ –∏—Å—Ö–æ–¥–Ω—ã–µ —Å–≤–µ–¥–µ–Ω–∏—è: CardToCardInfo{cardFromNumber='2346245645236423', cardFromValidTill='01/44', cardFromCVV='345', cardToNumber='3456234624562456', amount=Amount{value=436500, currency='RUR'}}
4. [Thu Feb 09 15:28:17 MSK 2023] –ü–æ–ª—É—á–∏–ª–∏ –∏—Å—Ö–æ–¥–Ω—ã–µ —Å–≤–µ–¥–µ–Ω–∏—è: CardToCardInfo{cardFromNumber='2346245645236423', cardFromValidTill='01/44', cardFromCVV='345', cardToNumber='3456234624562456', amount=Amount{value=436500, currency='RUR'}}

–õ–û–ì –†–ê–ë–û–¢–´ –°–ï–†–í–ï–†–ê –ü–û –ü–ï–†–ï–í–û–î–£ –î–ï–ù–ï–ì –° –ö–ê–†–¢–´ –ù–ê –ö–ê–†–¢–£:
1. [Thu Feb 09 15:43:35 MSK 2023] –ó–∞–ø—É—Å—Ç–∞–µ—Ç—Å—è MoneyTransferApplication
2. [Thu Feb 09 15:43:54 MSK 2023] –ü–æ–ª—É—á–∏–ª–∏ –∏—Å—Ö–æ–¥–Ω—ã–µ —Å–≤–µ–¥–µ–Ω–∏—è: CardToCardInfo{cardFromNumber='2346245645236423', cardFromValidTill='01/44', cardFromCVV='345', cardToNumber='3456234624562456', amount=Amount{value=436500, currency='RUR'}}
3. [Thu Feb 09 15:43:54 MSK 2023] –ß–µ—Ç–æ —Å –∫–∞—Ä—Ç–æ–π –Ω–µ —Ç–æ
4. [Thu Feb 09 15:45:11 MSK 2023] –ü–æ–ª—É—á–∏–ª–∏ –∏—Å—Ö–æ–¥–Ω—ã–µ —Å–≤–µ–¥–µ–Ω–∏—è: CardToCardInfo{cardFromNumber='2346245645236423', cardFromValidTill='01/44', cardFromCVV='345', cardToNumber='3456234624562456', amount=Amount{value=436500, currency='RUR'}}
5. [Thu Feb 09 15:45:11 MSK 2023] –ß–µ—Ç–æ —Å –∫–∞—Ä—Ç–æ–π –Ω–µ —Ç–æ

–õ–û–ì –†–ê–ë–û–¢–´ –°–ï–†–í–ï–†–ê –ü–û –ü–ï–†–ï–í–û–î–£ –î–ï–ù–ï–ì –° –ö–ê–†–¢–´ –ù–ê –ö–ê–†–¢–£:
1. [Thu Feb 09 15:50:59 MSK 2023] –ó–∞–ø—É—Å—Ç–∞–µ—Ç—Å—è MoneyTransferApplication
2. [Thu Feb 09 15:51:17 MSK 2023] –ü–æ–ª—É—á–∏–ª–∏ –∏—Å—Ö–æ–¥–Ω—ã–µ —Å–≤–µ–¥–µ–Ω–∏—è: CardToCardInfo{cardFromNumber='2346245645236423', cardFromValidTill='01/44', cardFromCVV='345', cardToNumber='3456234624562456', amount=Amount{value=436500, currency='RUR'}}
3. [Thu Feb 09 15:51:17 MSK 2023] –ß–µ—Ç–æ —Å –∫–∞—Ä—Ç–æ–π –Ω–µ —Ç–æ
4. [Thu Feb 09 15:51:45 MSK 2023] –ü–æ–ª—É—á–∏–ª–∏ –∏—Å—Ö–æ–¥–Ω—ã–µ —Å–≤–µ–¥–µ–Ω–∏—è: CardToCardInfo{cardFromNumber='2346245645236423', cardFromValidTill='01/44', cardFromCVV='345', cardToNumber='3456234624562456', amount=Amount{value=436500, currency='RUR'}}
5. [Thu Feb 09 15:51:45 MSK 2023] –ß–µ—Ç–æ —Å –∫–∞—Ä—Ç–æ–π –Ω–µ —Ç–æ

–õ–û–ì –†–ê–ë–û–¢–´ –°–ï–†–í–ï–†–ê –ü–û –ü–ï–†–ï–í–û–î–£ –î–ï–ù–ï–ì –° –ö–ê–†–¢–´ –ù–ê –ö–ê–†–¢–£:
1. [Thu Feb 09 16:02:34 MSK 2023] –ó–∞–ø—É—Å—Ç–∞–µ—Ç—Å—è MoneyTransferApplication
2. [Thu Feb 09 16:02:42 MSK 2023] –ü–æ–ª—É—á–∏–ª–∏ –∏—Å—Ö–æ–¥–Ω—ã–µ —Å–≤–µ–¥–µ–Ω–∏—è: CardToCardInfo{cardFromNumber='2346245645236423', cardFromValidTill='01/44', cardFromCVV='345', cardToNumber='3456234624562456', amount=Amount{value=436500, currency='RUR'}}
3. [Thu Feb 09 16:02:42 MSK 2023] –ß–µ—Ç–æ —Å –∫–∞—Ä—Ç–æ–π –Ω–µ —Ç–æ

–õ–û–ì –†–ê–ë–û–¢–´ –°–ï–†–í–ï–†–ê –ü–û –ü–ï–†–ï–í–û–î–£ –î–ï–ù–ï–ì –° –ö–ê–†–¢–´ –ù–ê –ö–ê–†–¢–£:
1. [Thu Feb 09 16:16:23 MSK 2023] –ó–∞–ø—É—Å—Ç–∞–µ—Ç—Å—è MoneyTransferApplication
2. [Thu Feb 09 16:16:36 MSK 2023] –ü–æ–ª—É—á–∏–ª–∏ –∏—Å—Ö–æ–¥–Ω—ã–µ —Å–≤–µ–¥–µ–Ω–∏—è: CardToCardInfo{cardFromNumber='2346245645236423', cardFromValidTill='01/44', cardFromCVV='345', cardToNumber='3456234624562456', amount=Amount{value=436500, currency='RUR'}}
3. [Thu Feb 09 16:16:36 MSK 2023] –°–æ–∑–¥–∞–ª–∏ OperationID: OperationId{operationId='82068-1357621411-41213'}
4. [Thu Feb 09 16:16:36 MSK 2023] –í—Å–µ –æ–∫

–õ–û–ì –†–ê–ë–û–¢–´ –°–ï–†–í–ï–†–ê –ü–û –ü–ï–†–ï–í–û–î–£ –î–ï–ù–ï–ì –° –ö–ê–†–¢–´ –ù–ê –ö–ê–†–¢–£:
1. [Thu Feb 09 16:46:11 MSK 2023] –ó–∞–ø—É—Å—Ç–∞–µ—Ç—Å—è MoneyTransferApplication
2. [Thu Feb 09 16:46:35 MSK 2023] –ü–æ–ª—É—á–∏–ª–∏ –∏—Å—Ö–æ–¥–Ω—ã–µ —Å–≤–µ–¥–µ–Ω–∏—è —Å —Ñ—Ä–æ–Ω—Ç–∞: CardToCardInfo{cardFromNumber='3464537567456865', cardFromValidTill='01/45', cardFromCVV='346', cardToNumber='2346243562452435', amount=Amount{value=2457600, currency='RUR'}}
3. [Thu Feb 09 16:46:35 MSK 2023] Service –ø—Ä–∏–Ω—è–ª –¥–∞–Ω–Ω—ã–µ –∫–∞—Ä—Ç: CardToCardInfo{cardFromNumber='3464537567456865', cardFromValidTill='01/45', cardFromCVV='346', cardToNumber='2346243562452435', amount=Amount{value=2457600, currency='RUR'}}
4. [Thu Feb 09 16:46:35 MSK 2023] Service —Å–æ–∑–¥–∞–ª OperationID: OperationId{operationId='98897-9374201605-62336'}
5. [Thu Feb 09 16:46:35 MSK 2023] Controller –ø—Ä–∏–Ω—è–ª OperationID: OperationId{operationId='98897-9374201605-62336'}
6. [Thu Feb 09 16:46:35 MSK 2023] –ü–æ–ª—É—á–∏–ª–∏ –∏—Å—Ö–æ–¥–Ω—ã–µ —Å–≤–µ–¥–µ–Ω–∏—è: ConfirmationData{operationID='null', code='0000'}
7. [Thu Feb 09 16:46:35 MSK 2023] Service –ø—Ä–∏–Ω—è–ª confirmationData: ConfirmationData{operationID='null', code='0000'}
8. [Thu Feb 09 16:46:35 MSK 2023] –û–±–º–∞–Ω—É—Ç—å –ø—ã—Ç–∞–µ—Ç–µ—Å—å?

–õ–û–ì –†–ê–ë–û–¢–´ –°–ï–†–í–ï–†–ê –ü–û –ü–ï–†–ï–í–û–î–£ –î–ï–ù–ï–ì –° –ö–ê–†–¢–´ –ù–ê –ö–ê–†–¢–£:
1. [Thu Feb 09 16:47:18 MSK 2023] –ó–∞–ø—É—Å—Ç–∞–µ—Ç—Å—è MoneyTransferApplication
2. [Thu Feb 09 16:47:21 MSK 2023] –ü–æ–ª—É—á–∏–ª–∏ –∏—Å—Ö–æ–¥–Ω—ã–µ —Å–≤–µ–¥–µ–Ω–∏—è —Å —Ñ—Ä–æ–Ω—Ç–∞: CardToCardInfo{cardFromNumber='3464537567456865', cardFromValidTill='01/45', cardFromCVV='346', cardToNumber='2346243562452435', amount=Amount{value=2457600, currency='RUR'}}
3. [Thu Feb 09 16:47:21 MSK 2023] Service –ø—Ä–∏–Ω—è–ª –¥–∞–Ω–Ω—ã–µ –∫–∞—Ä—Ç: CardToCardInfo{cardFromNumber='3464537567456865', cardFromValidTill='01/45', cardFromCVV='346', cardToNumber='2346243562452435', amount=Amount{value=2457600, currency='RUR'}}
4. [Thu Feb 09 16:47:21 MSK 2023] Service —Å–æ–∑–¥–∞–ª OperationID: OperationId{operationId='28626-4157981516-09446'}
5. [Thu Feb 09 16:47:21 MSK 2023] Controller –ø—Ä–∏–Ω—è–ª OperationID: OperationId{operationId='28626-4157981516-09446'}
6. [Thu Feb 09 16:47:21 MSK 2023] –ü–æ–ª—É—á–∏–ª–∏ –∏—Å—Ö–æ–¥–Ω—ã–µ —Å–≤–µ–¥–µ–Ω–∏—è: ConfirmationData{operationID='null', code='0000'}
7. [Thu Feb 09 16:47:21 MSK 2023] Service –ø—Ä–∏–Ω—è–ª confirmationData: ConfirmationData{operationID='null', code='0000'}
8. [Thu Feb 09 16:50:09 MSK 2023] –û–±–º–∞–Ω—É—Ç—å –ø—ã—Ç–∞–µ—Ç–µ—Å—å?
9. [Thu Feb 09 16:50:12 MSK 2023] –ü–æ–ª—É—á–∏–ª–∏ –∏—Å—Ö–æ–¥–Ω—ã–µ —Å–≤–µ–¥–µ–Ω–∏—è —Å —Ñ—Ä–æ–Ω—Ç–∞: CardToCardInfo{cardFromNumber='3464537567456865', cardFromValidTill='01/45', cardFromCVV='346', cardToNumber='2346243562452435', amount=Amount{value=2457600, currency='RUR'}}
10. [Thu Feb 09 16:50:12 MSK 2023] Service –ø—Ä–∏–Ω—è–ª –¥–∞–Ω–Ω—ã–µ –∫–∞—Ä—Ç: CardToCardInfo{cardFromNumber='3464537567456865', cardFromValidTill='01/45', cardFromCVV='346', cardToNumber='2346243562452435', amount=Amount{value=2457600, currency='RUR'}}
11. [Thu Feb 09 16:50:12 MSK 2023] Service —Å–æ–∑–¥–∞–ª OperationID: OperationId{operationId='35977-5057405689-75300'}
12. [Thu Feb 09 16:50:12 MSK 2023] Controller –ø—Ä–∏–Ω—è–ª OperationID: OperationId{operationId='35977-5057405689-75300'}
13. [Thu Feb 09 16:50:12 MSK 2023] –ü–æ–ª—É—á–∏–ª–∏ –∏—Å—Ö–æ–¥–Ω—ã–µ —Å–≤–µ–¥–µ–Ω–∏—è: ConfirmationData{operationID='null', code='0000'}
14. [Thu Feb 09 16:50:59 MSK 2023] Service –ø—Ä–∏–Ω—è–ª confirmationData: ConfirmationData{operationID='null', code='0000'}
15. [Thu Feb 09 16:53:43 MSK 2023] –û–±–º–∞–Ω—É—Ç—å –ø—ã—Ç–∞–µ—Ç–µ—Å—å?

–õ–û–ì –†–ê–ë–û–¢–´ –°–ï–†–í–ï–†–ê –ü–û –ü–ï–†–ï–í–û–î–£ –î–ï–ù–ï–ì –° –ö–ê–†–¢–´ –ù–ê –ö–ê–†–¢–£:
1. [Thu Feb 09 16:55:55 MSK 2023] –ó–∞–ø—É—Å—Ç–∞–µ—Ç—Å—è MoneyTransferApplication
2. [Thu Feb 09 16:56:06 MSK 2023] –ü–æ–ª—É—á–∏–ª–∏ –∏—Å—Ö–æ–¥–Ω—ã–µ —Å–≤–µ–¥–µ–Ω–∏—è —Å —Ñ—Ä–æ–Ω—Ç–∞: CardToCardInfo{cardFromNumber='3454256356756348', cardFromValidTill='01/36', cardFromCVV='688', cardToNumber='8838328368639896', amount=Amount{value=896300, currency='RUR'}}
3. [Thu Feb 09 16:56:06 MSK 2023] Service –ø—Ä–∏–Ω—è–ª –¥–∞–Ω–Ω—ã–µ –∫–∞—Ä—Ç: CardToCardInfo{cardFromNumber='3454256356756348', cardFromValidTill='01/36', cardFromCVV='688', cardToNumber='8838328368639896', amount=Amount{value=896300, currency='RUR'}}
4. [Thu Feb 09 16:56:06 MSK 2023] Service —Å–æ–∑–¥–∞–ª OperationID: OperationId{operationId='94845-1810425046-51024'}
5. [Thu Feb 09 16:56:06 MSK 2023] Controller –ø—Ä–∏–Ω—è–ª OperationID: OperationId{operationId='94845-1810425046-51024'}
6. [Thu Feb 09 16:56:06 MSK 2023] –ü–æ–ª—É—á–∏–ª–∏ –∏—Å—Ö–æ–¥–Ω—ã–µ —Å–≤–µ–¥–µ–Ω–∏—è: ConfirmationData{operationID='null', code='0000'}
7. [Thu Feb 09 16:58:17 MSK 2023] Service –ø—Ä–∏–Ω—è–ª confirmationData: ConfirmationData{operationID='null', code='0000'}
8. [Thu Feb 09 16:58:17 MSK 2023] –û–±–º–∞–Ω—É—Ç—å –ø—ã—Ç–∞–µ—Ç–µ—Å—å?

–õ–û–ì –†–ê–ë–û–¢–´ –°–ï–†–í–ï–†–ê –ü–û –ü–ï–†–ï–í–û–î–£ –î–ï–ù–ï–ì –° –ö–ê–†–¢–´ –ù–ê –ö–ê–†–¢–£:
1. [Thu Feb 09 16:58:33 MSK 2023] –ó–∞–ø—É—Å—Ç–∞–µ—Ç—Å—è MoneyTransferApplication
2. [Thu Feb 09 16:58:44 MSK 2023] –ü–æ–ª—É—á–∏–ª–∏ –∏—Å—Ö–æ–¥–Ω—ã–µ —Å–≤–µ–¥–µ–Ω–∏—è —Å —Ñ—Ä–æ–Ω—Ç–∞: CardToCardInfo{cardFromNumber='3454256356756348', cardFromValidTill='01/36', cardFromCVV='688', cardToNumber='8838328368639896', amount=Amount{value=896300, currency='RUR'}}
3. [Thu Feb 09 16:58:44 MSK 2023] Service –ø—Ä–∏–Ω—è–ª –¥–∞–Ω–Ω—ã–µ –∫–∞—Ä—Ç: CardToCardInfo{cardFromNumber='3454256356756348', cardFromValidTill='01/36', cardFromCVV='688', cardToNumber='8838328368639896', amount=Amount{value=896300, currency='RUR'}}
4. [Thu Feb 09 16:58:44 MSK 2023] Service —Å–æ–∑–¥–∞–ª OperationID: OperationId{operationId='82530-1417624668-74013'}
5. [Thu Feb 09 16:58:44 MSK 2023] Controller –ø—Ä–∏–Ω—è–ª OperationID: OperationId{operationId='82530-1417624668-74013'}
6. [Thu Feb 09 16:58:44 MSK 2023] –ü–æ–ª—É—á–∏–ª–∏ –∏—Å—Ö–æ–¥–Ω—ã–µ —Å–≤–µ–¥–µ–Ω–∏—è: ConfirmationData{operationID='82530-1417624668-74013', code='0000'}
7. [Thu Feb 09 16:59:06 MSK 2023] Service –ø—Ä–∏–Ω—è–ª confirmationData: ConfirmationData{operationID='82530-1417624668-74013', code='0000'}
8. [Thu Feb 09 16:59:49 MSK 2023] Service –ø–æ–¥—Ç–≤–µ—Ä–∂–¥–∞–µ—Ç OperationID: OperationId{operationId='82530-1417624668-74013'}
9. [Thu Feb 09 16:59:49 MSK 2023] Controller –ø—Ä–∏–Ω—è–ª –ø–æ–¥—Ç–≤–µ—Ä–∂–¥–µ–Ω–Ω—ã–π OperationID: OperationId{operationId='82530-1417624668-74013'}

–õ–û–ì –†–ê–ë–û–¢–´ –°–ï–†–í–ï–†–ê –ü–û –ü–ï–†–ï–í–û–î–£ –î–ï–ù–ï–ì –° –ö–ê–†–¢–´ –ù–ê –ö–ê–†–¢–£:
1. [Thu Feb 09 17:03:44 MSK 2023] –ó–∞–ø—É—Å—Ç–∞–µ—Ç—Å—è MoneyTransferApplication
2. [Thu Feb 09 17:04:07 MSK 2023] –ü–æ–ª—É—á–∏–ª–∏ –∏—Å—Ö–æ–¥–Ω—ã–µ —Å–≤–µ–¥–µ–Ω–∏—è —Å —Ñ—Ä–æ–Ω—Ç–∞: CardToCardInfo{cardFromNumber='2346243642562456', cardFromValidTill='01/53', cardFromCVV='555', cardToNumber='5674568678645786', amount=Amount{value=674900, currency='RUR'}}
3. [Thu Feb 09 17:04:07 MSK 2023] Service –ø—Ä–∏–Ω—è–ª –¥–∞–Ω–Ω—ã–µ –∫–∞—Ä—Ç: CardToCardInfo{cardFromNumber='2346243642562456', cardFromValidTill='01/53', cardFromCVV='555', cardToNumber='5674568678645786', amount=Amount{value=674900, currency='RUR'}}
4. [Thu Feb 09 17:04:07 MSK 2023] Service —Å–æ–∑–¥–∞–ª OperationID: OperationId{operationId='66250-0669673332-81589'}
5. [Thu Feb 09 17:04:07 MSK 2023] Controller –ø—Ä–∏–Ω—è–ª OperationID: OperationId{operationId='66250-0669673332-81589'}
6. [Thu Feb 09 17:04:07 MSK 2023] –ü–æ–ª—É—á–∏–ª–∏ –∏—Å—Ö–æ–¥–Ω—ã–µ —Å–≤–µ–¥–µ–Ω–∏—è: ConfirmationData{operationID='66250-0669673332-81589', code='0000'}
7. [Thu Feb 09 17:04:07 MSK 2023] Service –ø—Ä–∏–Ω—è–ª confirmationData: ConfirmationData{operationID='66250-0669673332-81589', code='0000'}
8. [Thu Feb 09 17:04:07 MSK 2023] Service –ø–æ–¥—Ç–≤–µ—Ä–∂–¥–∞–µ—Ç OperationID: OperationId{operationId='66250-0669673332-81589'}
9. [Thu Feb 09 17:04:07 MSK 2023] Controller –ø—Ä–∏–Ω—è–ª –ø–æ–¥—Ç–≤–µ—Ä–∂–¥–µ–Ω–Ω—ã–π OperationID: OperationId{operationId='66250-0669673332-81589'}

–õ–û–ì –†–ê–ë–û–¢–´ –°–ï–†–í–ï–†–ê –ü–û –ü–ï–†–ï–í–û–î–£ –î–ï–ù–ï–ì –° –ö–ê–†–¢–´ –ù–ê –ö–ê–†–¢–£:
1. [Thu Feb 09 17:15:50 MSK 2023] –ó–∞–ø—É—Å—Ç–∞–µ—Ç—Å—è MoneyTransferApplication

–õ–û–ì –†–ê–ë–û–¢–´ –°–ï–†–í–ï–†–ê –ü–û –ü–ï–†–ï–í–û–î–£ –î–ï–ù–ï–ì –° –ö–ê–†–¢–´ –ù–ê –ö–ê–†–¢–£:
1. [Thu Feb 09 17:18:23 MSK 2023] –ó–∞–ø—É—Å—Ç–∞–µ—Ç—Å—è MoneyTransferApplication
2. [Thu Feb 09 17:20:32 MSK 2023] –ü–æ–ª—É—á–∏–ª–∏ –∏—Å—Ö–æ–¥–Ω—ã–µ —Å–≤–µ–¥–µ–Ω–∏—è —Å —Ñ—Ä–æ–Ω—Ç–∞: CardToCardInfo{cardFromNumber='1234165496854965', cardFromValidTill='01/65', cardFromCVV='325', cardToNumber='6541651651651621', amount=Amount{value=6325100, currency='RUR'}}
3. [Thu Feb 09 17:20:32 MSK 2023] Service –ø—Ä–∏–Ω—è–ª –¥–∞–Ω–Ω—ã–µ –∫–∞—Ä—Ç: CardToCardInfo{cardFromNumber='1234165496854965', cardFromValidTill='01/65', cardFromCVV='325', cardToNumber='6541651651651621', amount=Amount{value=6325100, currency='RUR'}}
4. [Thu Feb 09 17:21:15 MSK 2023] Service —Å–æ–∑–¥–∞–ª OperationID: OperationId{operationId='72953-1635787778-26028'}
5. [Thu Feb 09 17:21:33 MSK 2023] Controller –ø—Ä–∏–Ω—è–ª OperationID: OperationId{operationId='72953-1635787778-26028'}
6. [Thu Feb 09 17:22:49 MSK 2023] –ü–æ–ª—É—á–∏–ª–∏ –∏—Å—Ö–æ–¥–Ω—ã–µ —Å–≤–µ–¥–µ–Ω–∏—è: ConfirmationData{operationID='72953-1635787778-26028', code='0000'}
7. [Thu Feb 09 17:22:51 MSK 2023] Service –ø—Ä–∏–Ω—è–ª confirmationData: ConfirmationData{operationID='72953-1635787778-26028', code='0000'}
8. [Thu Feb 09 17:22:51 MSK 2023] Service –ø–æ–¥—Ç–≤–µ—Ä–∂–¥–∞–µ—Ç OperationID: OperationId{operationId='72953-1635787778-26028'}
9. [Thu Feb 09 17:23:19 MSK 2023] Controller –ø—Ä–∏–Ω—è–ª –ø–æ–¥—Ç–≤–µ—Ä–∂–¥–µ–Ω–Ω—ã–π OperationID: OperationId{operationId='72953-1635787778-26028'}

–õ–û–ì –†–ê–ë–û–¢–´ –°–ï–†–í–ï–†–ê –ü–û –ü–ï–†–ï–í–û–î–£ –î–ï–ù–ï–ì –° –ö–ê–†–¢–´ –ù–ê –ö–ê–†–¢–£:
1. [Thu Feb 09 17:33:33 MSK 2023] –ó–∞–ø—É—Å—Ç–∞–µ—Ç—Å—è MoneyTransferApplication
2. [Thu Feb 09 17:33:51 MSK 2023] –ü–æ–ª—É—á–∏–ª–∏ –∏—Å—Ö–æ–¥–Ω—ã–µ —Å–≤–µ–¥–µ–Ω–∏—è —Å —Ñ—Ä–æ–Ω—Ç–∞: CardToCardInfo{cardFromNumber='7582745275425727', cardFromValidTill='01/25', cardFromCVV='755', cardToNumber='7587865786578657', amount=Amount{value=785600, currency='RUR'}}
3. [Thu Feb 09 17:33:51 MSK 2023] Service –ø—Ä–∏–Ω—è–ª –¥–∞–Ω–Ω—ã–µ –∫–∞—Ä—Ç: CardToCardInfo{cardFromNumber='7582745275425727', cardFromValidTill='01/25', cardFromCVV='755', cardToNumber='7587865786578657', amount=Amount{value=785600, currency='RUR'}}
4. [Thu Feb 09 17:33:51 MSK 2023] Service —Å–æ–∑–¥–∞–ª OperationID: OperationId{operationId='96971-5061407395-26076'}
5. [Thu Feb 09 17:33:51 MSK 2023] Controller –ø—Ä–∏–Ω—è–ª OperationID: OperationId{operationId='96971-5061407395-26076'}
6. [Thu Feb 09 17:33:51 MSK 2023] –ü–æ–ª—É—á–∏–ª–∏ –∏—Å—Ö–æ–¥–Ω—ã–µ —Å–≤–µ–¥–µ–Ω–∏—è: ConfirmationData{operationID='96971-5061407395-26076', code='0000'}
7. [Thu Feb 09 17:33:51 MSK 2023] Service –ø—Ä–∏–Ω—è–ª confirmationData: ConfirmationData{operationID='96971-5061407395-26076', code='0000'}
8. [Thu Feb 09 17:33:51 MSK 2023] Service –ø–æ–¥—Ç–≤–µ—Ä–∂–¥–∞–µ—Ç OperationID: OperationId{operationId='96971-5061407395-26076'}
9. [Thu Feb 09 17:33:51 MSK 2023] Controller –ø—Ä–∏–Ω—è–ª –ø–æ–¥—Ç–≤–µ—Ä–∂–¥–µ–Ω–Ω—ã–π OperationID: OperationId{operationId='96971-5061407395-26076'}
10. [Thu Feb 09 17:33:51 MSK 2023] "\u001B[31m"–ü–µ—Ä–µ–≤–æ–¥ 100 —Ä—É–±–ª–µ–π —Å –∫–∞—Ä—Ç—ã 200 –Ω–∞ –∫–∞—Ä—Ç—É 300 –ø—Ä–æ–∏–∑–≤–µ–¥–µ–Ω —É—Å–ø–µ—à–Ω–æ. –ë—ã–ª–∞ –≤–∑—è—Ç–∞ –∫–æ–º–∏—Å—Å–∏—è –≤ —Ä–∞–∑–º–µ—Ä–µ 400 —Ä—É–±–ª–µ–π

–õ–û–ì –†–ê–ë–û–¢–´ –°–ï–†–í–ï–†–ê –ü–û –ü–ï–†–ï–í–û–î–£ –î–ï–ù–ï–ì –° –ö–ê–†–¢–´ –ù–ê –ö–ê–†–¢–£:
1. [Thu Feb 09 17:35:59 MSK 2023] –ó–∞–ø—É—Å—Ç–∞–µ—Ç—Å—è MoneyTransferApplication
2. [Thu Feb 09 17:36:24 MSK 2023] –ü–æ–ª—É—á–∏–ª–∏ –∏—Å—Ö–æ–¥–Ω—ã–µ —Å–≤–µ–¥–µ–Ω–∏—è —Å —Ñ—Ä–æ–Ω—Ç–∞: CardToCardInfo{cardFromNumber='7527542785278527', cardFromValidTill='01/25', cardFromCVV='785', cardToNumber='7852852537356735', amount=Amount{value=345700, currency='RUR'}}
3. [Thu Feb 09 17:36:24 MSK 2023] Service –ø—Ä–∏–Ω—è–ª –¥–∞–Ω–Ω—ã–µ –∫–∞—Ä—Ç: CardToCardInfo{cardFromNumber='7527542785278527', cardFromValidTill='01/25', cardFromCVV='785', cardToNumber='7852852537356735', amount=Amount{value=345700, currency='RUR'}}
4. [Thu Feb 09 17:36:24 MSK 2023] Service —Å–æ–∑–¥–∞–ª OperationID: OperationId{operationId='39083-9982630567-06055'}
5. [Thu Feb 09 17:36:24 MSK 2023] Controller –ø—Ä–∏–Ω—è–ª OperationID: OperationId{operationId='39083-9982630567-06055'}
6. [Thu Feb 09 17:36:24 MSK 2023] –ü–æ–ª—É—á–∏–ª–∏ –∏—Å—Ö–æ–¥–Ω—ã–µ —Å–≤–µ–¥–µ–Ω–∏—è: ConfirmationData{operationID='39083-9982630567-06055', code='0000'}
7. [Thu Feb 09 17:36:24 MSK 2023] Service –ø—Ä–∏–Ω—è–ª confirmationData: ConfirmationData{operationID='39083-9982630567-06055', code='0000'}
8. [Thu Feb 09 17:36:24 MSK 2023] Service –ø–æ–¥—Ç–≤–µ—Ä–∂–¥–∞–µ—Ç OperationID: OperationId{operationId='39083-9982630567-06055'}
9. [Thu Feb 09 17:36:24 MSK 2023] Controller –ø—Ä–∏–Ω—è–ª –ø–æ–¥—Ç–≤–µ—Ä–∂–¥–µ–Ω–Ω—ã–π OperationID: OperationId{operationId='39083-9982630567-06055'}
10. [Thu Feb 09 17:36:24 MSK 2023] [31m–ü–µ—Ä–µ–≤–æ–¥ 100 —Ä—É–±–ª–µ–π —Å –∫–∞—Ä—Ç—ã 200 –Ω–∞ –∫–∞—Ä—Ç—É 300 –ø—Ä–æ–∏–∑–≤–µ–¥–µ–Ω —É—Å–ø–µ—à–Ω–æ. –ë—ã–ª–∞ –≤–∑—è—Ç–∞ –∫–æ–º–∏—Å—Å–∏—è –≤ —Ä–∞–∑–º–µ—Ä–µ 400 —Ä—É–±–ª–µ–π

–õ–û–ì –†–ê–ë–û–¢–´ –°–ï–†–í–ï–†–ê –ü–û –ü–ï–†–ï–í–û–î–£ –î–ï–ù–ï–ì –° –ö–ê–†–¢–´ –ù–ê –ö–ê–†–¢–£:
1. [Thu Feb 09 17:42:39 MSK 2023] –ó–∞–ø—É—Å—Ç–∞–µ—Ç—Å—è MoneyTransferApplication
2. [Thu Feb 09 17:43:03 MSK 2023] –ü–æ–ª—É—á–∏–ª–∏ –∏—Å—Ö–æ–¥–Ω—ã–µ —Å–≤–µ–¥–µ–Ω–∏—è —Å —Ñ—Ä–æ–Ω—Ç–∞: CardToCardInfo{cardFromNumber='3455637467856795', cardFromValidTill='01/46', cardFromCVV='354', cardToNumber='3457354673567356', amount=Amount{value=123456700, currency='RUR'}}
3. [Thu Feb 09 17:43:03 MSK 2023] Service –ø—Ä–∏–Ω—è–ª –¥–∞–Ω–Ω—ã–µ –∫–∞—Ä—Ç: CardToCardInfo{cardFromNumber='3455637467856795', cardFromValidTill='01/46', cardFromCVV='354', cardToNumber='3457354673567356', amount=Amount{value=123456700, currency='RUR'}}
4. [Thu Feb 09 17:43:03 MSK 2023] Service —Å–æ–∑–¥–∞–ª OperationID: OperationId{operationId='52459-6765011933-56972'}
5. [Thu Feb 09 17:43:03 MSK 2023] Controller –ø—Ä–∏–Ω—è–ª OperationID: OperationId{operationId='52459-6765011933-56972'}
6. [Thu Feb 09 17:43:03 MSK 2023] –ü–æ–ª—É—á–∏–ª–∏ –∏—Å—Ö–æ–¥–Ω—ã–µ —Å–≤–µ–¥–µ–Ω–∏—è: ConfirmationData{operationID='52459-6765011933-56972', code='0000'}
7. [Thu Feb 09 17:43:03 MSK 2023] Service –ø—Ä–∏–Ω—è–ª confirmationData: ConfirmationData{operationID='52459-6765011933-56972', code='0000'}
8. [Thu Feb 09 17:43:03 MSK 2023] Service –ø–æ–¥—Ç–≤–µ—Ä–∂–¥–∞–µ—Ç OperationID: OperationId{operationId='52459-6765011933-56972'}
9. [Thu Feb 09 17:43:03 MSK 2023] Controller –ø—Ä–∏–Ω—è–ª –ø–æ–¥—Ç–≤–µ—Ä–∂–¥–µ–Ω–Ω—ã–π OperationID: OperationId{operationId='52459-6765011933-56972'}
10. [Thu Feb 09 17:43:03 MSK 2023] [31m–ü–µ—Ä–µ–≤–æ–¥ 1234567 —Ä—É–±–ª–µ–π —Å –∫–∞—Ä—Ç—ã 3455637467856795 –Ω–∞ –∫–∞—Ä—Ç—É 3457354673567356 –ø—Ä–æ–∏–∑–≤–µ–¥–µ–Ω —É—Å–ø–µ—à–Ω–æ. –ë—ã–ª–∞ –≤–∑—è—Ç–∞ –∫–æ–º–∏—Å—Å–∏—è –≤ —Ä–∞–∑–º–µ—Ä–µ 12345 —Ä—É–±–ª–µ–π

–õ–û–ì –†–ê–ë–û–¢–´ –°–ï–†–í–ï–†–ê –ü–û –ü–ï–†–ï–í–û–î–£ –î–ï–ù–ï–ì –° –ö–ê–†–¢–´ –ù–ê –ö–ê–†–¢–£:
1. [Thu Feb 09 17:44:43 MSK 2023] –ó–∞–ø—É—Å—Ç–∞–µ—Ç—Å—è MoneyTransferApplication
2. [Thu Feb 09 17:45:01 MSK 2023] –ü–æ–ª—É—á–∏–ª–∏ –∏—Å—Ö–æ–¥–Ω—ã–µ —Å–≤–µ–¥–µ–Ω–∏—è —Å —Ñ—Ä–æ–Ω—Ç–∞: CardToCardInfo{cardFromNumber='2645673573567356', cardFromValidTill='01/45', cardFromCVV='565', cardToNumber='5665336534573457', amount=Amount{value=123456700, currency='RUR'}}
3. [Thu Feb 09 17:45:01 MSK 2023] Service –ø—Ä–∏–Ω—è–ª –¥–∞–Ω–Ω—ã–µ –∫–∞—Ä—Ç: CardToCardInfo{cardFromNumber='2645673573567356', cardFromValidTill='01/45', cardFromCVV='565', cardToNumber='5665336534573457', amount=Amount{value=123456700, currency='RUR'}}
4. [Thu Feb 09 17:45:01 MSK 2023] Service —Å–æ–∑–¥–∞–ª OperationID: OperationId{operationId='42045-2624176414-31987'}
5. [Thu Feb 09 17:45:01 MSK 2023] Controller –ø—Ä–∏–Ω—è–ª OperationID: OperationId{operationId='42045-2624176414-31987'}
6. [Thu Feb 09 17:45:01 MSK 2023] –ü–æ–ª—É—á–∏–ª–∏ –∏—Å—Ö–æ–¥–Ω—ã–µ —Å–≤–µ–¥–µ–Ω–∏—è: ConfirmationData{operationID='42045-2624176414-31987', code='0000'}
7. [Thu Feb 09 17:45:01 MSK 2023] Service –ø—Ä–∏–Ω—è–ª confirmationData: ConfirmationData{operationID='42045-2624176414-31987', code='0000'}
8. [Thu Feb 09 17:45:01 MSK 2023] Service –ø–æ–¥—Ç–≤–µ—Ä–∂–¥–∞–µ—Ç OperationID: OperationId{operationId='42045-2624176414-31987'}
9. [Thu Feb 09 17:45:01 MSK 2023] Controller –ø—Ä–∏–Ω—è–ª –ø–æ–¥—Ç–≤–µ—Ä–∂–¥–µ–Ω–Ω—ã–π OperationID: OperationId{operationId='42045-2624176414-31987'}
10. [Thu Feb 09 17:45:01 MSK 2023] [31m–ü–µ—Ä–µ–≤–æ–¥ 1234567 —Ä—É–±–ª–µ–π —Å –∫–∞—Ä—Ç—ã 2645673573567356 –Ω–∞ –∫–∞—Ä—Ç—É 5665336534573457 –ø—Ä–æ–∏–∑–≤–µ–¥–µ–Ω —É—Å–ø–µ—à–Ω–æ. –ë—ã–ª–∞ –≤–∑—è—Ç–∞ –∫–æ–º–∏—Å—Å–∏—è –≤ —Ä–∞–∑–º–µ—Ä–µ 12345.67 —Ä—É–±–ª–µ–π

–õ–û–ì –†–ê–ë–û–¢–´ –°–ï–†–í–ï–†–ê –ü–û –ü–ï–†–ï–í–û–î–£ –î–ï–ù–ï–ì –° –ö–ê–†–¢–´ –ù–ê –ö–ê–†–¢–£:
1. [Thu Feb 09 18:26:05 MSK 2023] –ó–∞–ø—É—Å—Ç–∞–µ—Ç—Å—è MoneyTransferApplication
2. [Thu Feb 09 18:26:46 MSK 2023] –ü–æ–ª—É—á–∏–ª–∏ –∏—Å—Ö–æ–¥–Ω—ã–µ —Å–≤–µ–¥–µ–Ω–∏—è —Å —Ñ—Ä–æ–Ω—Ç–∞: CardToCardInfo{cardFromNumber='1224342314123412', cardFromValidTill='12/24', cardFromCVV='123', cardToNumber='2342341325345324', amount=Amount{value=200000, currency='RUR'}}
3. [Thu Feb 09 18:26:46 MSK 2023] Service –ø—Ä–∏–Ω—è–ª –¥–∞–Ω–Ω—ã–µ –∫–∞—Ä—Ç: CardToCardInfo{cardFromNumber='1224342314123412', cardFromValidTill='12/24', cardFromCVV='123', cardToNumber='2342341325345324', amount=Amount{value=200000, currency='RUR'}}
4. [Thu Feb 09 18:26:46 MSK 2023] Service —Å–æ–∑–¥–∞–ª OperationID: OperationId{operationId='65987-1861715511-67582'}
5. [Thu Feb 09 18:26:46 MSK 2023] Controller –ø—Ä–∏–Ω—è–ª OperationID: OperationId{operationId='65987-1861715511-67582'}
6. [Thu Feb 09 18:30:21 MSK 2023] –ü–æ–ª—É—á–∏–ª–∏ –∏—Å—Ö–æ–¥–Ω—ã–µ —Å–≤–µ–¥–µ–Ω–∏—è —Å —Ñ—Ä–æ–Ω—Ç–∞: CardToCardInfo{cardFromNumber='1224342314123412', cardFromValidTill='12/24', cardFromCVV='123', cardToNumber='2342341325345324', amount=Amount{value=200000, currency='RUR'}}
7. [Thu Feb 09 18:30:21 MSK 2023] Service –ø—Ä–∏–Ω—è–ª –¥–∞–Ω–Ω—ã–µ –∫–∞—Ä—Ç: CardToCardInfo{cardFromNumber='1224342314123412', cardFromValidTill='12/24', cardFromCVV='123', cardToNumber='2342341325345324', amount=Amount{value=200000, currency='RUR'}}
8. [Thu Feb 09 18:30:21 MSK 2023] Service —Å–æ–∑–¥–∞–ª OperationID: OperationId{operationId='85256-5539492564-73150'}
9. [Thu Feb 09 18:30:21 MSK 2023] Controller –ø—Ä–∏–Ω—è–ª OperationID: OperationId{operationId='85256-5539492564-73150'}
10. [Thu Feb 09 18:31:33 MSK 2023] –ü–æ–ª—É—á–∏–ª–∏ –∏—Å—Ö–æ–¥–Ω—ã–µ —Å–≤–µ–¥–µ–Ω–∏—è —Å —Ñ—Ä–æ–Ω—Ç–∞: CardToCardInfo{cardFromNumber='1224342314123412', cardFromValidTill='12/12', cardFromCVV='123', cardToNumber='2342341325345324', amount=Amount{value=200000, currency='RUR'}}
11. [Thu Feb 09 18:31:33 MSK 2023] Service –ø—Ä–∏–Ω—è–ª –¥–∞–Ω–Ω—ã–µ –∫–∞—Ä—Ç: CardToCardInfo{cardFromNumber='1224342314123412', cardFromValidTill='12/12', cardFromCVV='123', cardToNumber='2342341325345324', amount=Amount{value=200000, currency='RUR'}}
12. [Thu Feb 09 18:31:33 MSK 2023] Service —Å–æ–∑–¥–∞–ª OperationID: OperationId{operationId='24584-6762606702-14950'}
13. [Thu Feb 09 18:31:33 MSK 2023] Controller –ø—Ä–∏–Ω—è–ª OperationID: OperationId{operationId='24584-6762606702-14950'}

–õ–û–ì –†–ê–ë–û–¢–´ –°–ï–†–í–ï–†–ê –ü–û –ü–ï–†–ï–í–û–î–£ –î–ï–ù–ï–ì –° –ö–ê–†–¢–´ –ù–ê –ö–ê–†–¢–£:
1. [Thu Feb 09 22:39:25 MSK 2023] –ó–∞–ø—É—Å—Ç–∞–µ—Ç—Å—è MoneyTransferApplication
2. [Thu Feb 09 22:39:38 MSK 2023] –ü–æ–ª—É—á–∏–ª–∏ –∏—Å—Ö–æ–¥–Ω—ã–µ —Å–≤–µ–¥–µ–Ω–∏—è —Å —Ñ—Ä–æ–Ω—Ç–∞: CardToCardInfo{cardFromNumber='1224342314123412', cardFromValidTill='12/12', cardFromCVV='123', cardToNumber='2342341325345324', amount=Amount{value=200000, currency='RUR'}}
3. [Thu Feb 09 22:39:38 MSK 2023] Service –ø—Ä–∏–Ω—è–ª –¥–∞–Ω–Ω—ã–µ –∫–∞—Ä—Ç: CardToCardInfo{cardFromNumber='1224342314123412', cardFromValidTill='12/12', cardFromCVV='123', cardToNumber='2342341325345324', amount=Amount{value=200000, currency='RUR'}}

–õ–û–ì –†–ê–ë–û–¢–´ –°–ï–†–í–ï–†–ê –ü–û –ü–ï–†–ï–í–û–î–£ –î–ï–ù–ï–ì –° –ö–ê–†–¢–´ –ù–ê –ö–ê–†–¢–£:
1. [Thu Feb 09 22:42:12 MSK 2023] –ó–∞–ø—É—Å—Ç–∞–µ—Ç—Å—è MoneyTransferApplication
2. [Thu Feb 09 22:42:18 MSK 2023] –ü–æ–ª—É—á–∏–ª–∏ –∏—Å—Ö–æ–¥–Ω—ã–µ —Å–≤–µ–¥–µ–Ω–∏—è —Å —Ñ—Ä–æ–Ω—Ç–∞: CardToCardInfo{cardFromNumber='1224342314123412', cardFromValidTill='12/24', cardFromCVV='123', cardToNumber='2342341325345324', amount=Amount{value=200000, currency='RUR'}}
3. [Thu Feb 09 22:42:18 MSK 2023] Service –ø—Ä–∏–Ω—è–ª –¥–∞–Ω–Ω—ã–µ –∫–∞—Ä—Ç: CardToCardInfo{cardFromNumber='1224342314123412', cardFromValidTill='12/24', cardFromCVV='123', cardToNumber='2342341325345324', amount=Amount{value=200000, currency='RUR'}}
4. [Thu Feb 09 22:42:30 MSK 2023] –ü–æ–ª—É—á–∏–ª–∏ –∏—Å—Ö–æ–¥–Ω—ã–µ —Å–≤–µ–¥–µ–Ω–∏—è —Å —Ñ—Ä–æ–Ω—Ç–∞: CardToCardInfo{cardFromNumber='1224342314123412', cardFromValidTill='12/24', cardFromCVV='123', cardToNumber='2342341325345324', amount=Amount{value=200000, currency='RUR'}}
5. [Thu Feb 09 22:42:30 MSK 2023] Service –ø—Ä–∏–Ω—è–ª –¥–∞–Ω–Ω—ã–µ –∫–∞—Ä—Ç: CardToCardInfo{cardFromNumber='1224342314123412', cardFromValidTill='12/24', cardFromCVV='123', cardToNumber='2342341325345324', amount=Amount{value=200000, currency='RUR'}}

–õ–û–ì –†–ê–ë–û–¢–´ –°–ï–†–í–ï–†–ê –ü–û –ü–ï–†–ï–í–û–î–£ –î–ï–ù–ï–ì –° –ö–ê–†–¢–´ –ù–ê –ö–ê–†–¢–£:
1. [Thu Feb 09 22:42:46 MSK 2023] –ó–∞–ø—É—Å—Ç–∞–µ—Ç—Å—è MoneyTransferApplication
2. [Thu Feb 09 22:42:53 MSK 2023] –ü–æ–ª—É—á–∏–ª–∏ –∏—Å—Ö–æ–¥–Ω—ã–µ —Å–≤–µ–¥–µ–Ω–∏—è —Å —Ñ—Ä–æ–Ω—Ç–∞: CardToCardInfo{cardFromNumber='1224342314123412', cardFromValidTill='12/24', cardFromCVV='123', cardToNumber='2342341325345324', amount=Amount{value=200000, currency='RUR'}}
3. [Thu Feb 09 22:42:53 MSK 2023] Service –ø—Ä–∏–Ω—è–ª –¥–∞–Ω–Ω—ã–µ –∫–∞—Ä—Ç: CardToCardInfo{cardFromNumber='1224342314123412', cardFromValidTill='12/24', cardFromCVV='123', cardToNumber='2342341325345324', amount=Amount{value=200000, currency='RUR'}}

–õ–û–ì –†–ê–ë–û–¢–´ –°–ï–†–í–ï–†–ê –ü–û –ü–ï–†–ï–í–û–î–£ –î–ï–ù–ï–ì –° –ö–ê–†–¢–´ –ù–ê –ö–ê–†–¢–£:
1. [Thu Feb 09 22:45:21 MSK 2023] –ó–∞–ø—É—Å—Ç–∞–µ—Ç—Å—è MoneyTransferApplication
2. [Thu Feb 09 22:45:29 MSK 2023] –ü–æ–ª—É—á–∏–ª–∏ –∏—Å—Ö–æ–¥–Ω—ã–µ —Å–≤–µ–¥–µ–Ω–∏—è —Å —Ñ—Ä–æ–Ω—Ç–∞: CardToCardInfo{cardFromNumber='1224342314123412', cardFromValidTill='12/24', cardFromCVV='123', cardToNumber='2342341325345324', amount=Amount{value=200000, currency='RUR'}}
3. [Thu Feb 09 22:45:29 MSK 2023] Service –ø—Ä–∏–Ω—è–ª –¥–∞–Ω–Ω—ã–µ –∫–∞—Ä—Ç: CardToCardInfo{cardFromNumber='1224342314123412', cardFromValidTill='12/24', cardFromCVV='123', cardToNumber='2342341325345324', amount=Amount{value=200000, currency='RUR'}}
4. [Thu Feb 09 22:45:29 MSK 2023] Service —Å–æ–∑–¥–∞–ª OperationID: OperationId{operationId='17293-6700969652-28310'}
5. [Thu Feb 09 22:45:29 MSK 2023] Controller –ø—Ä–∏–Ω—è–ª OperationID: OperationId{operationId='17293-6700969652-28310'}
6. [Thu Feb 09 22:45:34 MSK 2023] –ü–æ–ª—É—á–∏–ª–∏ –∏—Å—Ö–æ–¥–Ω—ã–µ —Å–≤–µ–¥–µ–Ω–∏—è —Å —Ñ—Ä–æ–Ω—Ç–∞: CardToCardInfo{cardFromNumber='1224342314123412', cardFromValidTill='12/12', cardFromCVV='123', cardToNumber='2342341325345324', amount=Amount{value=200000, currency='RUR'}}
7. [Thu Feb 09 22:45:34 MSK 2023] Service –ø—Ä–∏–Ω—è–ª –¥–∞–Ω–Ω—ã–µ –∫–∞—Ä—Ç: CardToCardInfo{cardFromNumber='1224342314123412', cardFromValidTill='12/12', cardFromCVV='123', cardToNumber='2342341325345324', amount=Amount{value=200000, currency='RUR'}}
8. [Thu Feb 09 22:45:34 MSK 2023] –ß–µ-—Ç–æ —Å –∫–∞—Ä—Ç–æ–π –Ω–µ —Ç–æ
9. [Thu Feb 09 22:46:04 MSK 2023] –ü–æ–ª—É—á–∏–ª–∏ –∏—Å—Ö–æ–¥–Ω—ã–µ —Å–≤–µ–¥–µ–Ω–∏—è —Å —Ñ—Ä–æ–Ω—Ç–∞: CardToCardInfo{cardFromNumber='1224342314123412', cardFromValidTill='02/23', cardFromCVV='123', cardToNumber='2342341325345324', amount=Amount{value=200000, currency='RUR'}}
10. [Thu Feb 09 22:46:04 MSK 2023] Service –ø—Ä–∏–Ω—è–ª –¥–∞–Ω–Ω—ã–µ –∫–∞—Ä—Ç: CardToCardInfo{cardFromNumber='1224342314123412', cardFromValidTill='02/23', cardFromCVV='123', cardToNumber='2342341325345324', amount=Amount{value=200000, currency='RUR'}}
11. [Thu Feb 09 22:46:04 MSK 2023] Service —Å–æ–∑–¥–∞–ª OperationID: OperationId{operationId='72811-9701897351-11255'}
12. [Thu Feb 09 22:46:04 MSK 2023] Controller –ø—Ä–∏–Ω—è–ª OperationID: OperationId{operationId='72811-9701897351-11255'}
13. [Thu Feb 09 22:46:11 MSK 2023] –ü–æ–ª—É—á–∏–ª–∏ –∏—Å—Ö–æ–¥–Ω—ã–µ —Å–≤–µ–¥–µ–Ω–∏—è —Å —Ñ—Ä–æ–Ω—Ç–∞: CardToCardInfo{cardFromNumber='1224342314123412', cardFromValidTill='01/23', cardFromCVV='123', cardToNumber='2342341325345324', amount=Amount{value=200000, currency='RUR'}}
14. [Thu Feb 09 22:46:11 MSK 2023] Service –ø—Ä–∏–Ω—è–ª –¥–∞–Ω–Ω—ã–µ –∫–∞—Ä—Ç: CardToCardInfo{cardFromNumber='1224342314123412', cardFromValidTill='01/23', cardFromCVV='123', cardToNumber='2342341325345324', amount=Amount{value=200000, currency='RUR'}}
15. [Thu Feb 09 22:46:11 MSK 2023] –ß–µ-—Ç–æ —Å –∫–∞—Ä—Ç–æ–π –Ω–µ —Ç–æ
16. [Thu Feb 09 22:46:23 MSK 2023] –ü–æ–ª—É—á–∏–ª–∏ –∏—Å—Ö–æ–¥–Ω—ã–µ —Å–≤–µ–¥–µ–Ω–∏—è —Å —Ñ—Ä–æ–Ω—Ç–∞: CardToCardInfo{cardFromNumber='1224342314123412', cardFromValidTill='02/23', cardFromCVV='123', cardToNumber='2342341325345324', amount=Amount{value=200000, currency='RUR'}}
17. [Thu Feb 09 22:46:23 MSK 2023] Service –ø—Ä–∏–Ω—è–ª –¥–∞–Ω–Ω—ã–µ –∫–∞—Ä—Ç: CardToCardInfo{cardFromNumber='1224342314123412', cardFromValidTill='02/23', cardFromCVV='123', cardToNumber='2342341325345324', amount=Amount{value=200000, currency='RUR'}}
18. [Thu Feb 09 22:46:23 MSK 2023] Service —Å–æ–∑–¥–∞–ª OperationID: OperationId{operationId='21073-8334977108-81447'}
19. [Thu Feb 09 22:46:23 MSK 2023] Controller –ø—Ä–∏–Ω—è–ª OperationID: OperationId{operationId='21073-8334977108-81447'}
20. [Thu Feb 09 22:46:31 MSK 2023] –ü–æ–ª—É—á–∏–ª–∏ –∏—Å—Ö–æ–¥–Ω—ã–µ —Å–≤–µ–¥–µ–Ω–∏—è —Å —Ñ—Ä–æ–Ω—Ç–∞: CardToCardInfo{cardFromNumber='1224342314123412', cardFromValidTill='01/23', cardFromCVV='123', cardToNumber='2342341325345324', amount=Amount{value=200000, currency='RUR'}}
21. [Thu Feb 09 22:46:31 MSK 2023] Service –ø—Ä–∏–Ω—è–ª –¥–∞–Ω–Ω—ã–µ –∫–∞—Ä—Ç: CardToCardInfo{cardFromNumber='1224342314123412', cardFromValidTill='01/23', cardFromCVV='123', cardToNumber='2342341325345324', amount=Amount{value=200000, currency='RUR'}}
22. [Thu Feb 09 22:46:31 MSK 2023] –ß–µ-—Ç–æ —Å –∫–∞—Ä—Ç–æ–π –Ω–µ —Ç–æ
23. [Thu Feb 09 22:46:36 MSK 2023] –ü–æ–ª—É—á–∏–ª–∏ –∏—Å—Ö–æ–¥–Ω—ã–µ —Å–≤–µ–¥–µ–Ω–∏—è —Å —Ñ—Ä–æ–Ω—Ç–∞: CardToCardInfo{cardFromNumber='1224342314123412', cardFromValidTill='03/23', cardFromCVV='123', cardToNumber='2342341325345324', amount=Amount{value=200000, currency='RUR'}}
24. [Thu Feb 09 22:46:36 MSK 2023] Service –ø—Ä–∏–Ω—è–ª –¥–∞–Ω–Ω—ã–µ –∫–∞—Ä—Ç: CardToCardInfo{cardFromNumber='1224342314123412', cardFromValidTill='03/23', cardFromCVV='123', cardToNumber='2342341325345324', amount=Amount{value=200000, currency='RUR'}}
25. [Thu Feb 09 22:46:36 MSK 2023] Service —Å–æ–∑–¥–∞–ª OperationID: OperationId{operationId='71869-9076292489-07702'}
26. [Thu Feb 09 22:46:36 MSK 2023] Controller –ø—Ä–∏–Ω—è–ª OperationID: OperationId{operationId='71869-9076292489-07702'}
27. [Thu Feb 09 22:46:42 MSK 2023] –ü–æ–ª—É—á–∏–ª–∏ –∏—Å—Ö–æ–¥–Ω—ã–µ —Å–≤–µ–¥–µ–Ω–∏—è —Å —Ñ—Ä–æ–Ω—Ç–∞: CardToCardInfo{cardFromNumber='1224342314123412', cardFromValidTill='03/22', cardFromCVV='123', cardToNumber='2342341325345324', amount=Amount{value=200000, currency='RUR'}}
28. [Thu Feb 09 22:46:42 MSK 2023] Service –ø—Ä–∏–Ω—è–ª –¥–∞–Ω–Ω—ã–µ –∫–∞—Ä—Ç: CardToCardInfo{cardFromNumber='1224342314123412', cardFromValidTill='03/22', cardFromCVV='123', cardToNumber='2342341325345324', amount=Amount{value=200000, currency='RUR'}}
29. [Thu Feb 09 22:46:42 MSK 2023] –ß–µ-—Ç–æ —Å –∫–∞—Ä—Ç–æ–π –Ω–µ —Ç–æ
30. [Thu Feb 09 22:47:33 MSK 2023] –ü–æ–ª—É—á–∏–ª–∏ –∏—Å—Ö–æ–¥–Ω—ã–µ —Å–≤–µ–¥–µ–Ω–∏—è —Å —Ñ—Ä–æ–Ω—Ç–∞: CardToCardInfo{cardFromNumber='1224342314123412', cardFromValidTill='01/23', cardFromCVV='123', cardToNumber='2342341325345324', amount=Amount{value=200000, currency='RUR'}}
31. [Thu Feb 09 22:47:33 MSK 2023] Service –ø—Ä–∏–Ω—è–ª –¥–∞–Ω–Ω—ã–µ –∫–∞—Ä—Ç: CardToCardInfo{cardFromNumber='1224342314123412', cardFromValidTill='01/23', cardFromCVV='123', cardToNumber='2342341325345324', amount=Amount{value=200000, currency='RUR'}}
32. [Thu Feb 09 22:47:33 MSK 2023] –ß–µ-—Ç–æ —Å –∫–∞—Ä—Ç–æ–π –Ω–µ —Ç–æ
33. [Thu Feb 09 22:48:38 MSK 2023] –ü–æ–ª—É—á–∏–ª–∏ –∏—Å—Ö–æ–¥–Ω—ã–µ —Å–≤–µ–¥–µ–Ω–∏—è —Å —Ñ—Ä–æ–Ω—Ç–∞: CardToCardInfo{cardFromNumber='1224342314123412', cardFromValidTill='01/23', cardFromCVV='123', cardToNumber='', amount=Amount{value=200000, currency='RUR'}}
34. [Thu Feb 09 22:48:38 MSK 2023] Service –ø—Ä–∏–Ω—è–ª –¥–∞–Ω–Ω—ã–µ –∫–∞—Ä—Ç: CardToCardInfo{cardFromNumber='1224342314123412', cardFromValidTill='01/23', cardFromCVV='123', cardToNumber='', amount=Amount{value=200000, currency='RUR'}}
35. [Thu Feb 09 22:48:38 MSK 2023] –ß–µ-—Ç–æ —Å –∫–∞—Ä—Ç–æ–π –Ω–µ —Ç–æ

–õ–û–ì –†–ê–ë–û–¢–´ –°–ï–†–í–ï–†–ê –ü–û –ü–ï–†–ï–í–û–î–£ –î–ï–ù–ï–ì –° –ö–ê–†–¢–´ –ù–ê –ö–ê–†–¢–£:
1. [Thu Feb 09 22:51:58 MSK 2023] –ó–∞–ø—É—Å—Ç–∞–µ—Ç—Å—è MoneyTransferApplication

–õ–û–ì –†–ê–ë–û–¢–´ –°–ï–†–í–ï–†–ê –ü–û –ü–ï–†–ï–í–û–î–£ –î–ï–ù–ï–ì –° –ö–ê–†–¢–´ –ù–ê –ö–ê–†–¢–£:
1. [Thu Feb 09 22:55:17 MSK 2023] –ó–∞–ø—É—Å—Ç–∞–µ—Ç—Å—è MoneyTransferApplication
2. [Thu Feb 09 22:55:42 MSK 2023] –ü–æ–ª—É—á–∏–ª–∏ –∏—Å—Ö–æ–¥–Ω—ã–µ —Å–≤–µ–¥–µ–Ω–∏—è —Å —Ñ—Ä–æ–Ω—Ç–∞: CardToCardInfo{cardFromNumber='2314523464235763', cardFromValidTill='01/24', cardFromCVV='312', cardToNumber='1324534342623462', amount=Amount{value=200000, currency='RUR'}}
3. [Thu Feb 09 22:55:42 MSK 2023] Service –ø—Ä–∏–Ω—è–ª –¥–∞–Ω–Ω—ã–µ –∫–∞—Ä—Ç: CardToCardInfo{cardFromNumber='2314523464235763', cardFromValidTill='01/24', cardFromCVV='312', cardToNumber='1324534342623462', amount=Amount{value=200000, currency='RUR'}}
4. [Thu Feb 09 22:55:42 MSK 2023] Service —Å–æ–∑–¥–∞–ª OperationID: OperationId{operationId='07836-8407207605-49270'}
5. [Thu Feb 09 22:55:42 MSK 2023] Controller –ø—Ä–∏–Ω—è–ª OperationID: OperationId{operationId='07836-8407207605-49270'}
6. [Thu Feb 09 22:55:42 MSK 2023] –ü–æ–ª—É—á–∏–ª–∏ –∏—Å—Ö–æ–¥–Ω—ã–µ —Å–≤–µ–¥–µ–Ω–∏—è: ConfirmationData{operationID='07836-8407207605-49270', code='0000'}
7. [Thu Feb 09 22:55:42 MSK 2023] Service –ø—Ä–∏–Ω—è–ª confirmationData: ConfirmationData{operationID='07836-8407207605-49270', code='0000'}
8. [Thu Feb 09 22:55:42 MSK 2023] Service –ø–æ–¥—Ç–≤–µ—Ä–∂–¥–∞–µ—Ç OperationID: OperationId{operationId='07836-8407207605-49270'}
9. [Thu Feb 09 22:55:42 MSK 2023] Controller –ø—Ä–∏–Ω—è–ª –ø–æ–¥—Ç–≤–µ—Ä–∂–¥–µ–Ω–Ω—ã–π OperationID: OperationId{operationId='07836-8407207605-49270'}
10. [Thu Feb 09 22:55:42 MSK 2023] [31m–ü–µ—Ä–µ–≤–æ–¥ 2000 —Ä—É–±–ª–µ–π —Å –∫–∞—Ä—Ç—ã 2314523464235763 –Ω–∞ –∫–∞—Ä—Ç—É 1324534342623462 –ø—Ä–æ–∏–∑–≤–µ–¥–µ–Ω —É—Å–ø–µ—à–Ω–æ. –ë—ã–ª–∞ –≤–∑—è—Ç–∞ –∫–æ–º–∏—Å—Å–∏—è –≤ —Ä–∞–∑–º–µ—Ä–µ 20.0 —Ä—É–±–ª–µ–π

–õ–û–ì –†–ê–ë–û–¢–´ –°–ï–†–í–ï–†–ê –ü–û –ü–ï–†–ï–í–û–î–£ –î–ï–ù–ï–ì –° –ö–ê–†–¢–´ –ù–ê –ö–ê–†–¢–£:

ÀŒ√ –¿¡Œ“€ —≈–¬≈–¿ œŒ œ≈–≈¬Œƒ” ƒ≈Õ≈√ —  ¿–“€ Õ¿  ¿–“”:

–õ–û–ì –†–ê–ë–û–¢–´ –°–ï–†–í–ï–†–ê –ü–û –ü–ï–†–ï–í–û–î–£ –î–ï–ù–ï–ì –° –ö–ê–†–¢–´ –ù–ê –ö–ê–†–¢–£:
1. [Sat Feb 25 13:04:27 MSK 2023] –ó–∞–ø—É—Å—Ç–∞–µ—Ç—Å—è MoneyTransferApplication

–õ–û–ì –†–ê–ë–û–¢–´ –°–ï–†–í–ï–†–ê –ü–û –ü–ï–†–ï–í–û–î–£ –î–ï–ù–ï–ì –° –ö–ê–†–¢–´ –ù–ê –ö–ê–†–¢–£:
1. [Sat Feb 25 13:17:00 MSK 2023] –ó–∞–ø—É—Å—Ç–∞–µ—Ç—Å—è MoneyTransferApplication
2. [Sat Feb 25 13:17:28 MSK 2023] –ü–æ–ª—É—á–∏–ª–∏ –∏—Å—Ö–æ–¥–Ω—ã–µ —Å–≤–µ–¥–µ–Ω–∏—è —Å —Ñ—Ä–æ–Ω—Ç–∞: CardToCardInfo{cardFromNumber='1234234123423423', cardFromValidTill='03/56', cardFromCVV='244', cardToNumber='2342342134123423', amount=Amount{value=455500, currency='RUR'}}
3. [Sat Feb 25 13:17:28 MSK 2023] Service –ø—Ä–∏–Ω—è–ª –¥–∞–Ω–Ω—ã–µ –∫–∞—Ä—Ç: CardToCardInfo{cardFromNumber='1234234123423423', cardFromValidTill='03/56', cardFromCVV='244', cardToNumber='2342342134123423', amount=Amount{value=455500, currency='RUR'}}
4. [Sat Feb 25 13:17:28 MSK 2023] Service —Å–æ–∑–¥–∞–ª OperationID: OperationId{operationId='98565-6108048426-73488'}
5. [Sat Feb 25 13:17:28 MSK 2023] Controller –ø—Ä–∏–Ω—è–ª OperationID: OperationId{operationId='98565-6108048426-73488'}
6. [Sat Feb 25 13:17:28 MSK 2023] –ü–æ–ª—É—á–∏–ª–∏ –∏—Å—Ö–æ–¥–Ω—ã–µ —Å–≤–µ–¥–µ–Ω–∏—è: ConfirmationData{operationID='98565-6108048426-73488', code='0000'}
7. [Sat Feb 25 13:17:28 MSK 2023] Service –ø—Ä–∏–Ω—è–ª confirmationData: ConfirmationData{operationID='98565-6108048426-73488', code='0000'}
8. [Sat Feb 25 13:17:28 MSK 2023] Service –ø–æ–¥—Ç–≤–µ—Ä–∂–¥–∞–µ—Ç OperationID: OperationId{operationId='98565-6108048426-73488'}
9. [Sat Feb 25 13:17:28 MSK 2023] Controller –ø—Ä–∏–Ω—è–ª –ø–æ–¥—Ç–≤–µ—Ä–∂–¥–µ–Ω–Ω—ã–π OperationID: OperationId{operationId='98565-6108048426-73488'}
10. [Sat Feb 25 13:17:28 MSK 2023] [31m–ü–µ—Ä–µ–≤–æ–¥ 4555 —Ä—É–±–ª–µ–π —Å –∫–∞—Ä—Ç—ã 1234234123423423 –Ω–∞ –∫–∞—Ä—Ç—É 2342342134123423 –ø—Ä–æ–∏–∑–≤–µ–¥–µ–Ω —É—Å–ø–µ—à–Ω–æ. –ë—ã–ª–∞ –≤–∑—è—Ç–∞ –∫–æ–º–∏—Å—Å–∏—è –≤ —Ä–∞–∑–º–µ—Ä–µ 45.55 —Ä—É–±–ª–µ–π

–õ–û–ì –†–ê–ë–û–¢–´ –°–ï–†–í–ï–†–ê –ü–û –ü–ï–†–ï–í–û–î–£ –î–ï–ù–ï–ì –° –ö–ê–†–¢–´ –ù–ê –ö–ê–†–¢–£:
1. [Sat Feb 25 13:52:39 MSK 2023] –ó–∞–ø—É—Å—Ç–∞–µ—Ç—Å—è MoneyTransferApplication
2. [Sat Feb 25 13:53:01 MSK 2023] –ü–æ–ª—É—á–∏–ª–∏ –∏—Å—Ö–æ–¥–Ω—ã–µ —Å–≤–µ–¥–µ–Ω–∏—è —Å —Ñ—Ä–æ–Ω—Ç–∞: CardToCardInfo{cardFromNumber='2342342342342342', cardFromValidTill='06/56', cardFromCVV='124', cardToNumber='2341235123541235', amount=Amount{value=123400, currency='RUR'}}
3. [Sat Feb 25 13:53:01 MSK 2023] Service –ø—Ä–∏–Ω—è–ª –¥–∞–Ω–Ω—ã–µ –∫–∞—Ä—Ç: CardToCardInfo{cardFromNumber='2342342342342342', cardFromValidTill='06/56', cardFromCVV='124', cardToNumber='2341235123541235', amount=Amount{value=123400, currency='RUR'}}
4. [Sat Feb 25 13:53:01 MSK 2023] Service —Å–æ–∑–¥–∞–ª OperationID: OperationId{operationId='66015-0268437919-45491'}
5. [Sat Feb 25 13:53:01 MSK 2023] Controller –ø—Ä–∏–Ω—è–ª OperationID: OperationId{operationId='66015-0268437919-45491'}
6. [Sat Feb 25 13:53:01 MSK 2023] –ü–æ–ª—É—á–∏–ª–∏ –∏—Å—Ö–æ–¥–Ω—ã–µ —Å–≤–µ–¥–µ–Ω–∏—è: ConfirmationData{operationID='66015-0268437919-45491', code='0000'}
7. [Sat Feb 25 13:53:01 MSK 2023] Service –ø—Ä–∏–Ω—è–ª confirmationData: ConfirmationData{operationID='66015-0268437919-45491', code='0000'}
8. [Sat Feb 25 13:53:01 MSK 2023] Service –ø–æ–¥—Ç–≤–µ—Ä–∂–¥–∞–µ—Ç OperationID: OperationId{operationId='66015-0268437919-45491'}
9. [Sat Feb 25 13:53:01 MSK 2023] Controller –ø—Ä–∏–Ω—è–ª –ø–æ–¥—Ç–≤–µ—Ä–∂–¥–µ–Ω–Ω—ã–π OperationID: OperationId{operationId='66015-0268437919-45491'}
10. [Sat Feb 25 13:53:01 MSK 2023] [31m–ü–µ—Ä–µ–≤–æ–¥ 1234 —Ä—É–±–ª–µ–π —Å –∫–∞—Ä—Ç—ã 2342342342342342 –Ω–∞ –∫–∞—Ä—Ç—É 2341235123541235 –ø—Ä–æ–∏–∑–≤–µ–¥–µ–Ω —É—Å–ø–µ—à–Ω–æ. –ë—ã–ª–∞ –≤–∑—è—Ç–∞ –∫–æ–º–∏—Å—Å–∏—è –≤ —Ä–∞–∑–º–µ—Ä–µ 12.34 —Ä—É–±–ª–µ–π

–õ–û–ì –†–ê–ë–û–¢–´ –°–ï–†–í–ï–†–ê –ü–û –ü–ï–†–ï–í–û–î–£ –î–ï–ù–ï–ì –° –ö–ê–†–¢–´ –ù–ê –ö–ê–†–¢–£:
1. [Sat Feb 25 15:05:46 MSK 2023] –ó–∞–ø—É—Å—Ç–∞–µ—Ç—Å—è MoneyTransferApplication
2. [Sat Feb 25 15:06:11 MSK 2023] –ü–æ–ª—É—á–∏–ª–∏ –∏—Å—Ö–æ–¥–Ω—ã–µ —Å–≤–µ–¥–µ–Ω–∏—è —Å —Ñ—Ä–æ–Ω—Ç–∞: CardToCardInfo{cardFromNumber='1241234123123512', cardFromValidTill='06/35', cardFromCVV='233', cardToNumber='2345123512351235', amount=Amount{value=132400, currency='RUR'}}
3. [Sat Feb 25 15:06:11 MSK 2023] Service –ø—Ä–∏–Ω—è–ª –¥–∞–Ω–Ω—ã–µ –∫–∞—Ä—Ç: CardToCardInfo{cardFromNumber='1241234123123512', cardFromValidTill='06/35', cardFromCVV='233', cardToNumber='2345123512351235', amount=Amount{value=132400, currency='RUR'}}
4. [Sat Feb 25 15:06:11 MSK 2023] Service —Å–æ–∑–¥–∞–ª OperationID: OperationId{operationId='98487-2175530919-10157'}
5. [Sat Feb 25 15:06:11 MSK 2023] Controller –ø—Ä–∏–Ω—è–ª OperationID: OperationId{operationId='98487-2175530919-10157'}
6. [Sat Feb 25 15:06:11 MSK 2023] –ü–æ–ª—É—á–∏–ª–∏ –∏—Å—Ö–æ–¥–Ω—ã–µ —Å–≤–µ–¥–µ–Ω–∏—è: ConfirmationData{operationID='98487-2175530919-10157', code='0000'}
7. [Sat Feb 25 15:06:11 MSK 2023] Service –ø—Ä–∏–Ω—è–ª confirmationData: ConfirmationData{operationID='98487-2175530919-10157', code='0000'}
8. [Sat Feb 25 15:06:11 MSK 2023] Service –ø–æ–¥—Ç–≤–µ—Ä–∂–¥–∞–µ—Ç OperationID: OperationId{operationId='98487-2175530919-10157'}
9. [Sat Feb 25 15:06:11 MSK 2023] Controller –ø—Ä–∏–Ω—è–ª –ø–æ–¥—Ç–≤–µ—Ä–∂–¥–µ–Ω–Ω—ã–π OperationID: OperationId{operationId='98487-2175530919-10157'}
10. [Sat Feb 25 15:06:45 MSK 2023] –ü–æ–ª—É—á–∏–ª–∏ –∏—Å—Ö–æ–¥–Ω—ã–µ —Å–≤–µ–¥–µ–Ω–∏—è —Å —Ñ—Ä–æ–Ω—Ç–∞: CardToCardInfo{cardFromNumber='1224342314123412', cardFromValidTill='01/23', cardFromCVV='123', cardToNumber='', amount=Amount{value=200000, currency='RUR'}}
11. [Sat Feb 25 15:06:45 MSK 2023] Service –ø—Ä–∏–Ω—è–ª –¥–∞–Ω–Ω—ã–µ –∫–∞—Ä—Ç: CardToCardInfo{cardFromNumber='1224342314123412', cardFromValidTill='01/23', cardFromCVV='123', cardToNumber='', amount=Amount{value=200000, currency='RUR'}}
12. [Sat Feb 25 15:06:45 MSK 2023] –ß–µ-—Ç–æ —Å –∫–∞—Ä—Ç–æ–π –Ω–µ —Ç–æ
13. [Sat Feb 25 15:07:05 MSK 2023] –ü–æ–ª—É—á–∏–ª–∏ –∏—Å—Ö–æ–¥–Ω—ã–µ —Å–≤–µ–¥–µ–Ω–∏—è —Å —Ñ—Ä–æ–Ω—Ç–∞: CardToCardInfo{cardFromNumber='1224342314123412', cardFromValidTill='01/23', cardFromCVV='123', cardToNumber='', amount=Amount{value=200000, currency='RUR'}}
14. [Sat Feb 25 15:07:05 MSK 2023] Service –ø—Ä–∏–Ω—è–ª –¥–∞–Ω–Ω—ã–µ –∫–∞—Ä—Ç: CardToCardInfo{cardFromNumber='1224342314123412', cardFromValidTill='01/23', cardFromCVV='123', cardToNumber='', amount=Amount{value=200000, currency='RUR'}}
15. [Sat Feb 25 15:07:05 MSK 2023] –ß–µ-—Ç–æ —Å –∫–∞—Ä—Ç–æ–π –Ω–µ —Ç–æ
16. [Sat Feb 25 15:07:10 MSK 2023] –ü–æ–ª—É—á–∏–ª–∏ –∏—Å—Ö–æ–¥–Ω—ã–µ —Å–≤–µ–¥–µ–Ω–∏—è —Å —Ñ—Ä–æ–Ω—Ç–∞: CardToCardInfo{cardFromNumber='1224342314123412', cardFromValidTill='01/23', cardFromCVV='123', cardToNumber='2342341325345324', amount=Amount{value=200000, currency='RUR'}}
17. [Sat Feb 25 15:07:10 MSK 2023] Service –ø—Ä–∏–Ω—è–ª –¥–∞–Ω–Ω—ã–µ –∫–∞—Ä—Ç: CardToCardInfo{cardFromNumber='1224342314123412', cardFromValidTill='01/23', cardFromCVV='123', cardToNumber='2342341325345324', amount=Amount{value=200000, currency='RUR'}}
18. [Sat Feb 25 15:07:10 MSK 2023] –ß–µ-—Ç–æ —Å –∫–∞—Ä—Ç–æ–π –Ω–µ —Ç–æ
19. [Sat Feb 25 15:07:16 MSK 2023] –ü–æ–ª—É—á–∏–ª–∏ –∏—Å—Ö–æ–¥–Ω—ã–µ —Å–≤–µ–¥–µ–Ω–∏—è —Å —Ñ—Ä–æ–Ω—Ç–∞: CardToCardInfo{cardFromNumber='1224342314123412', cardFromValidTill='01/23', cardFromCVV='123', cardToNumber='', amount=Amount{value=200000, currency='RUR'}}
20. [Sat Feb 25 15:07:16 MSK 2023] Service –ø—Ä–∏–Ω—è–ª –¥–∞–Ω–Ω—ã–µ –∫–∞—Ä—Ç: CardToCardInfo{cardFromNumber='1224342314123412', cardFromValidTill='01/23', cardFromCVV='123', cardToNumber='', amount=Amount{value=200000, currency='RUR'}}
21. [Sat Feb 25 15:07:16 MSK 2023] –ß–µ-—Ç–æ —Å –∫–∞—Ä—Ç–æ–π –Ω–µ —Ç–æ

–õ–û–ì –†–ê–ë–û–¢–´ –°–ï–†–í–ï–†–ê –ü–û –ü–ï–†–ï–í–û–î–£ –î–ï–ù–ï–ì –° –ö–ê–†–¢–´ –ù–ê –ö–ê–†–¢–£:
1. [Sat Feb 25 15:08:15 MSK 2023] –ó–∞–ø—É—Å—Ç–∞–µ—Ç—Å—è MoneyTransferApplication
2. [Sat Feb 25 15:08:26 MSK 2023] –ü–æ–ª—É—á–∏–ª–∏ –∏—Å—Ö–æ–¥–Ω—ã–µ —Å–≤–µ–¥–µ–Ω–∏—è —Å —Ñ—Ä–æ–Ω—Ç–∞: CardToCardInfo{cardFromNumber='1224342314123412', cardFromValidTill='12/24', cardFromCVV='123', cardToNumber='2342341325345324', amount=Amount{value=200000, currency='RUR'}}
3. [Sat Feb 25 15:08:26 MSK 2023] Service –ø—Ä–∏–Ω—è–ª –¥–∞–Ω–Ω—ã–µ –∫–∞—Ä—Ç: CardToCardInfo{cardFromNumber='1224342314123412', cardFromValidTill='12/24', cardFromCVV='123', cardToNumber='2342341325345324', amount=Amount{value=200000, currency='RUR'}}
4. [Sat Feb 25 15:08:26 MSK 2023] Service —Å–æ–∑–¥–∞–ª OperationID: OperationId{operationId='29025-6454818799-02652'}
5. [Sat Feb 25 15:08:26 MSK 2023] Controller –ø—Ä–∏–Ω—è–ª OperationID: OperationId{operationId='29025-6454818799-02652'}
6. [Sat Feb 25 15:09:17 MSK 2023] –ü–æ–ª—É—á–∏–ª–∏ –∏—Å—Ö–æ–¥–Ω—ã–µ —Å–≤–µ–¥–µ–Ω–∏—è —Å —Ñ—Ä–æ–Ω—Ç–∞: CardToCardInfo{cardFromNumber='1224342314123412', cardFromValidTill='01/23', cardFromCVV='123', cardToNumber='2342341325345324', amount=Amount{value=200000, currency='RUR'}}
7. [Sat Feb 25 15:09:17 MSK 2023] Service –ø—Ä–∏–Ω—è–ª –¥–∞–Ω–Ω—ã–µ –∫–∞—Ä—Ç: CardToCardInfo{cardFromNumber='1224342314123412', cardFromValidTill='01/23', cardFromCVV='123', cardToNumber='2342341325345324', amount=Amount{value=200000, currency='RUR'}}
8. [Sat Feb 25 15:09:17 MSK 2023] –ß–µ-—Ç–æ —Å –∫–∞—Ä—Ç–æ–π –Ω–µ —Ç–æ
9. [Sat Feb 25 15:09:55 MSK 2023] –ü–æ–ª—É—á–∏–ª–∏ –∏—Å—Ö–æ–¥–Ω—ã–µ —Å–≤–µ–¥–µ–Ω–∏—è —Å —Ñ—Ä–æ–Ω—Ç–∞: CardToCardInfo{cardFromNumber='1224342314123412', cardFromValidTill='01/23', cardFromCVV='123', cardToNumber='', amount=Amount{value=200000, currency='RUR'}}
10. [Sat Feb 25 15:09:55 MSK 2023] Service –ø—Ä–∏–Ω—è–ª –¥–∞–Ω–Ω—ã–µ –∫–∞—Ä—Ç: CardToCardInfo{cardFromNumber='1224342314123412', cardFromValidTill='01/23', cardFromCVV='123', cardToNumber='', amount=Amount{value=200000, currency='RUR'}}
11. [Sat Feb 25 15:09:55 MSK 2023] –ß–µ-—Ç–æ —Å –∫–∞—Ä—Ç–æ–π –Ω–µ —Ç–æ

–õ–û–ì –†–ê–ë–û–¢–´ –°–ï–†–í–ï–†–ê –ü–û –ü–ï–†–ï–í–û–î–£ –î–ï–ù–ï–ì –° –ö–ê–†–¢–´ –ù–ê –ö–ê–†–¢–£:
1. [Sat Feb 25 15:13:07 MSK 2023] –ó–∞–ø—É—Å—Ç–∞–µ—Ç—Å—è MoneyTransferApplication
2. [Sat Feb 25 15:13:16 MSK 2023] –ü–æ–ª—É—á–∏–ª–∏ –∏—Å—Ö–æ–¥–Ω—ã–µ —Å–≤–µ–¥–µ–Ω–∏—è —Å —Ñ—Ä–æ–Ω—Ç–∞: CardToCardInfo{cardFromNumber='1224342314123412', cardFromValidTill='12/24', cardFromCVV='123', cardToNumber='2342341325345324', amount=Amount{value=200000, currency='RUR'}}
3. [Sat Feb 25 15:13:16 MSK 2023] Service –ø—Ä–∏–Ω—è–ª –¥–∞–Ω–Ω—ã–µ –∫–∞—Ä—Ç: CardToCardInfo{cardFromNumber='1224342314123412', cardFromValidTill='12/24', cardFromCVV='123', cardToNumber='2342341325345324', amount=Amount{value=200000, currency='RUR'}}
4. [Sat Feb 25 15:13:16 MSK 2023] Service —Å–æ–∑–¥–∞–ª OperationID: OperationId{operationId='12569-1615803429-64689'}
5. [Sat Feb 25 15:13:16 MSK 2023] Controller –ø—Ä–∏–Ω—è–ª OperationID: OperationId{operationId='12569-1615803429-64689'}

–õ–û–ì –†–ê–ë–û–¢–´ –°–ï–†–í–ï–†–ê –ü–û –ü–ï–†–ï–í–û–î–£ –î–ï–ù–ï–ì –° –ö–ê–†–¢–´ –ù–ê –ö–ê–†–¢–£:
1. [Sat Feb 25 15:17:04 MSK 2023] –ó–∞–ø—É—Å—Ç–∞–µ—Ç—Å—è MoneyTransferApplication

–õ–û–ì –†–ê–ë–û–¢–´ –°–ï–†–í–ï–†–ê –ü–û –ü–ï–†–ï–í–û–î–£ –î–ï–ù–ï–ì –° –ö–ê–†–¢–´ –ù–ê –ö–ê–†–¢–£:
1. [Sat Feb 25 15:17:53 MSK 2023] –ó–∞–ø—É—Å—Ç–∞–µ—Ç—Å—è MoneyTransferApplication

–õ–û–ì –†–ê–ë–û–¢–´ –°–ï–†–í–ï–†–ê –ü–û –ü–ï–†–ï–í–û–î–£ –î–ï–ù–ï–ì –° –ö–ê–†–¢–´ –ù–ê –ö–ê–†–¢–£:
1. [Sat Feb 25 15:18:48 MSK 2023] –ó–∞–ø—É—Å—Ç–∞–µ—Ç—Å—è MoneyTransferApplication
2. [Sat Feb 25 15:19:14 MSK 2023] –ü–æ–ª—É—á–∏–ª–∏ –∏—Å—Ö–æ–¥–Ω—ã–µ —Å–≤–µ–¥–µ–Ω–∏—è —Å —Ñ—Ä–æ–Ω—Ç–∞: CardToCardInfo{cardFromNumber='1224342314123412', cardFromValidTill='12/24', cardFromCVV='123', cardToNumber='2342341325345324', amount=Amount{value=200000, currency='RUR'}}
3. [Sat Feb 25 15:19:14 MSK 2023] Service –ø—Ä–∏–Ω—è–ª –¥–∞–Ω–Ω—ã–µ –∫–∞—Ä—Ç: CardToCardInfo{cardFromNumber='1224342314123412', cardFromValidTill='12/24', cardFromCVV='123', cardToNumber='2342341325345324', amount=Amount{value=200000, currency='RUR'}}
4. [Sat Feb 25 15:19:14 MSK 2023] Service —Å–æ–∑–¥–∞–ª OperationID: OperationId{operationId='39665-7353392588-92745'}
5. [Sat Feb 25 15:19:14 MSK 2023] Controller –ø—Ä–∏–Ω—è–ª OperationID: OperationId{operationId='39665-7353392588-92745'}

–õ–û–ì –†–ê–ë–û–¢–´ –°–ï–†–í–ï–†–ê –ü–û –ü–ï–†–ï–í–û–î–£ –î–ï–ù–ï–ì –° –ö–ê–†–¢–´ –ù–ê –ö–ê–†–¢–£:
1. [Sat Feb 25 15:20:51 MSK 2023] –ó–∞–ø—É—Å—Ç–∞–µ—Ç—Å—è MoneyTransferApplication
2. [Sat Feb 25 15:21:01 MSK 2023] –ü–æ–ª—É—á–∏–ª–∏ –∏—Å—Ö–æ–¥–Ω—ã–µ —Å–≤–µ–¥–µ–Ω–∏—è —Å —Ñ—Ä–æ–Ω—Ç–∞: CardToCardInfo{cardFromNumber='1224342314123412', cardFromValidTill='12/24', cardFromCVV='123', cardToNumber='2342341325345324', amount=Amount{value=200000, currency='RUR'}}
3. [Sat Feb 25 15:21:01 MSK 2023] Service –ø—Ä–∏–Ω—è–ª –¥–∞–Ω–Ω—ã–µ –∫–∞—Ä—Ç: CardToCardInfo{cardFromNumber='1224342314123412', cardFromValidTill='12/24', cardFromCVV='123', cardToNumber='2342341325345324', amount=Amount{value=200000, currency='RUR'}}
4. [Sat Feb 25 15:21:01 MSK 2023] Service —Å–æ–∑–¥–∞–ª OperationID: OperationId{operationId='12495-1309771566-04650'}
5. [Sat Feb 25 15:21:01 MSK 2023] Controller –ø—Ä–∏–Ω—è–ª OperationID: OperationId{operationId='12495-1309771566-04650'}

–õ–û–ì –†–ê–ë–û–¢–´ –°–ï–†–í–ï–†–ê –ü–û –ü–ï–†–ï–í–û–î–£ –î–ï–ù–ï–ì –° –ö–ê–†–¢–´ –ù–ê –ö–ê–†–¢–£:
1. [Sat Feb 25 15:22:13 MSK 2023] –ó–∞–ø—É—Å—Ç–∞–µ—Ç—Å—è MoneyTransferApplication
2. [Sat Feb 25 15:22:39 MSK 2023] –ü–æ–ª—É—á–∏–ª–∏ –∏—Å—Ö–æ–¥–Ω—ã–µ —Å–≤–µ–¥–µ–Ω–∏—è —Å —Ñ—Ä–æ–Ω—Ç–∞: CardToCardInfo{cardFromNumber='1224342314123412', cardFromValidTill='12/24', cardFromCVV='123', cardToNumber='2342341325345324', amount=Amount{value=200000, currency='RUR'}}
3. [Sat Feb 25 15:22:45 MSK 2023] Service –ø—Ä–∏–Ω—è–ª –¥–∞–Ω–Ω—ã–µ –∫–∞—Ä—Ç: CardToCardInfo{cardFromNumber='1224342314123412', cardFromValidTill='12/24', cardFromCVV='123', cardToNumber='2342341325345324', amount=Amount{value=200000, currency='RUR'}}
4. [Sat Feb 25 15:22:45 MSK 2023] Service —Å–æ–∑–¥–∞–ª OperationID: OperationId{operationId='53863-4752332897-63891'}
5. [Sat Feb 25 15:22:45 MSK 2023] Controller –ø—Ä–∏–Ω—è–ª OperationID: OperationId{operationId='53863-4752332897-63891'}

–õ–û–ì –†–ê–ë–û–¢–´ –°–ï–†–í–ï–†–ê –ü–û –ü–ï–†–ï–í–û–î–£ –î–ï–ù–ï–ì –° –ö–ê–†–¢–´ –ù–ê –ö–ê–†–¢–£:
1. [Mon Feb 27 09:55:22 MSK 2023] –ó–∞–ø—É—Å—Ç–∞–µ—Ç—Å—è MoneyTransferApplication
2. [Mon Feb 27 09:55:42 MSK 2023] –ü–æ–ª—É—á–∏–ª–∏ –∏—Å—Ö–æ–¥–Ω—ã–µ —Å–≤–µ–¥–µ–Ω–∏—è —Å —Ñ—Ä–æ–Ω—Ç–∞: CardToCardInfo{cardFromNumber='1224342314123412', cardFromValidTill='12/24', cardFromCVV='123', cardToNumber='2342341325345324', amount=Amount{value=200000, currency='RUR'}}
3. [Mon Feb 27 09:55:42 MSK 2023] Service –ø—Ä–∏–Ω—è–ª –¥–∞–Ω–Ω—ã–µ –∫–∞—Ä—Ç: CardToCardInfo{cardFromNumber='1224342314123412', cardFromValidTill='12/24', cardFromCVV='123', cardToNumber='2342341325345324', amount=Amount{value=200000, currency='RUR'}}
4. [Mon Feb 27 09:55:42 MSK 2023] –ß–µ-—Ç–æ —Å –∫–∞—Ä—Ç–æ–π –Ω–µ —Ç–æ

–õ–û–ì –†–ê–ë–û–¢–´ –°–ï–†–í–ï–†–ê –ü–û –ü–ï–†–ï–í–û–î–£ –î–ï–ù–ï–ì –° –ö–ê–†–¢–´ –ù–ê –ö–ê–†–¢–£:
1. [Mon Feb 27 09:58:23 MSK 2023] –ó–∞–ø—É—Å—Ç–∞–µ—Ç—Å—è MoneyTransferApplication
2. [Mon Feb 27 09:59:11 MSK 2023] –ü–æ–ª—É—á–∏–ª–∏ –∏—Å—Ö–æ–¥–Ω—ã–µ —Å–≤–µ–¥–µ–Ω–∏—è —Å —Ñ—Ä–æ–Ω—Ç–∞: CardToCardInfo{cardFromNumber='1224342314123412', cardFromValidTill='12/24', cardFromCVV='123', cardToNumber='2342341325345324', amount=Amount{value=200000, currency='RUR'}}
3. [Mon Feb 27 09:59:11 MSK 2023] Service –ø—Ä–∏–Ω—è–ª –¥–∞–Ω–Ω—ã–µ –∫–∞—Ä—Ç: CardToCardInfo{cardFromNumber='1224342314123412', cardFromValidTill='12/24', cardFromCVV='123', cardToNumber='2342341325345324', amount=Amount{value=200000, currency='RUR'}}
4. [Mon Feb 27 09:59:11 MSK 2023] –ß–µ-—Ç–æ —Å –∫–∞—Ä—Ç–æ–π –Ω–µ —Ç–æ

–õ–û–ì –†–ê–ë–û–¢–´ –°–ï–†–í–ï–†–ê –ü–û –ü–ï–†–ï–í–û–î–£ –î–ï–ù–ï–ì –° –ö–ê–†–¢–´ –ù–ê –ö–ê–†–¢–£:
1. [Mon Feb 27 09:59:38 MSK 2023] –ó–∞–ø—É—Å—Ç–∞–µ—Ç—Å—è MoneyTransferApplication
2. [Mon Feb 27 09:59:47 MSK 2023] –ü–æ–ª—É—á–∏–ª–∏ –∏—Å—Ö–æ–¥–Ω—ã–µ —Å–≤–µ–¥–µ–Ω–∏—è —Å —Ñ—Ä–æ–Ω—Ç–∞: CardToCardInfo{cardFromNumber='1224342314123412', cardFromValidTill='12/24', cardFromCVV='123', cardToNumber='2342341325345324', amount=Amount{value=200000, currency='RUR'}}
3. [Mon Feb 27 09:59:47 MSK 2023] Service –ø—Ä–∏–Ω—è–ª –¥–∞–Ω–Ω—ã–µ –∫–∞—Ä—Ç: CardToCardInfo{cardFromNumber='1224342314123412', cardFromValidTill='12/24', cardFromCVV='123', cardToNumber='2342341325345324', amount=Amount{value=200000, currency='RUR'}}
4. [Mon Feb 27 09:59:47 MSK 2023] –ß–µ-—Ç–æ —Å –∫–∞—Ä—Ç–æ–π –Ω–µ —Ç–æ

–õ–û–ì –†–ê–ë–û–¢–´ –°–ï–†–í–ï–†–ê –ü–û –ü–ï–†–ï–í–û–î–£ –î–ï–ù–ï–ì –° –ö–ê–†–¢–´ –ù–ê –ö–ê–†–¢–£:
1. [Mon Feb 27 13:36:42 MSK 2023] –ó–∞–ø—É—Å—Ç–∞–µ—Ç—Å—è MoneyTransferApplication
2. [Mon Feb 27 13:38:20 MSK 2023] –ü–æ–ª—É—á–∏–ª–∏ –∏—Å—Ö–æ–¥–Ω—ã–µ —Å–≤–µ–¥–µ–Ω–∏—è —Å —Ñ—Ä–æ–Ω—Ç–∞: CardToCardInfo{cardFromNumber='5555666677778888', cardFromValidTill='05/22', cardFromCVV='555', cardToNumber='2342341325345324', amount=Amount{value=200000, currency='RUR'}}
3. [Mon Feb 27 13:38:20 MSK 2023] Service –ø—Ä–∏–Ω—è–ª –¥–∞–Ω–Ω—ã–µ –∫–∞—Ä—Ç: CardToCardInfo{cardFromNumber='5555666677778888', cardFromValidTill='05/22', cardFromCVV='555', cardToNumber='2342341325345324', amount=Amount{value=200000, currency='RUR'}}
4. [Mon Feb 27 13:38:20 MSK 2023] –ß–µ—Ç–æ —Å –∫–∞—Ä—Ç–æ–π –Ω–µ —Ç–æ: –ö–∞—Ä—Ç–∞ —Å –Ω–æ–º–µ—Ä–æ–º 5555666677778888 –ø—Ä–æ—Å—Ä–æ—á–µ–Ω–∞
5. [Mon Feb 27 13:38:36 MSK 2023] –ü–æ–ª—É—á–∏–ª–∏ –∏—Å—Ö–æ–¥–Ω—ã–µ —Å–≤–µ–¥–µ–Ω–∏—è —Å —Ñ—Ä–æ–Ω—Ç–∞: CardToCardInfo{cardFromNumber='5555666677778888', cardFromValidTill='05/23', cardFromCVV='555', cardToNumber='2342341325345324', amount=Amount{value=200000, currency='RUR'}}
6. [Mon Feb 27 13:38:36 MSK 2023] Service –ø—Ä–∏–Ω—è–ª –¥–∞–Ω–Ω—ã–µ –∫–∞—Ä—Ç: CardToCardInfo{cardFromNumber='5555666677778888', cardFromValidTill='05/23', cardFromCVV='555', cardToNumber='2342341325345324', amount=Amount{value=200000, currency='RUR'}}
7. [Mon Feb 27 13:38:36 MSK 2023] –ß–µ—Ç–æ —Å –∫–∞—Ä—Ç–æ–π –Ω–µ —Ç–æ: –ö–∞—Ä—Ç–∞ —Å –Ω–æ–º–µ—Ä–æ–º 5555666677778888 –ø—Ä–æ—Å—Ä–æ—á–µ–Ω–∞

–õ–û–ì –†–ê–ë–û–¢–´ –°–ï–†–í–ï–†–ê –ü–û –ü–ï–†–ï–í–û–î–£ –î–ï–ù–ï–ì –° –ö–ê–†–¢–´ –ù–ê –ö–ê–†–¢–£:
1. [Mon Feb 27 14:40:40 MSK 2023] –ó–∞–ø—É—Å—Ç–∞–µ—Ç—Å—è MoneyTransferApplication
2. [Mon Feb 27 14:40:49 MSK 2023] –ü–æ–ª—É—á–∏–ª–∏ –∏—Å—Ö–æ–¥–Ω—ã–µ —Å–≤–µ–¥–µ–Ω–∏—è —Å —Ñ—Ä–æ–Ω—Ç–∞: CardToCardInfo{cardFromNumber='1224342314123412', cardFromValidTill='12/24', cardFromCVV='123', cardToNumber='2342341325345324', amount=Amount{value=200000, currency='RUR'}}
3. [Mon Feb 27 14:40:49 MSK 2023] Service –ø—Ä–∏–Ω—è–ª –¥–∞–Ω–Ω—ã–µ –∫–∞—Ä—Ç: CardToCardInfo{cardFromNumber='1224342314123412', cardFromValidTill='12/24', cardFromCVV='123', cardToNumber='2342341325345324', amount=Amount{value=200000, currency='RUR'}}
4. [Mon Feb 27 14:40:49 MSK 2023] –ß–µ-—Ç–æ –Ω–µ —Ç–∞–∫ —Å–æ —Å–≤—è–∑—å—é

–õ–û–ì –†–ê–ë–û–¢–´ –°–ï–†–í–ï–†–ê –ü–û –ü–ï–†–ï–í–û–î–£ –î–ï–ù–ï–ì –° –ö–ê–†–¢–´ –ù–ê –ö–ê–†–¢–£:
1. [Mon Feb 27 14:42:51 MSK 2023] –ó–∞–ø—É—Å—Ç–∞–µ—Ç—Å—è MoneyTransferApplication
2. [Mon Feb 27 14:42:58 MSK 2023] –ü–æ–ª—É—á–∏–ª–∏ –∏—Å—Ö–æ–¥–Ω—ã–µ —Å–≤–µ–¥–µ–Ω–∏—è —Å —Ñ—Ä–æ–Ω—Ç–∞: CardToCardInfo{cardFromNumber='1224342314123412', cardFromValidTill='12/24', cardFromCVV='123', cardToNumber='2342341325345324', amount=Amount{value=200000, currency='RUR'}}
3. [Mon Feb 27 14:42:58 MSK 2023] Service –ø—Ä–∏–Ω—è–ª –¥–∞–Ω–Ω—ã–µ –∫–∞—Ä—Ç: CardToCardInfo{cardFromNumber='1224342314123412', cardFromValidTill='12/24', cardFromCVV='123', cardToNumber='2342341325345324', amount=Amount{value=200000, currency='RUR'}}
4. [Mon Feb 27 14:42:58 MSK 2023] –ß–µ-—Ç–æ –Ω–µ —Ç–∞–∫ —Å–æ —Å–≤—è–∑—å—é–ö–∞—Ä—Ç–∞ —Å –Ω–æ–º–µ—Ä–æ–º 1224342314123412 –Ω–µ –Ω–∞–π–¥–µ–Ω–∞

–õ–û–ì –†–ê–ë–û–¢–´ –°–ï–†–í–ï–†–ê –ü–û –ü–ï–†–ï–í–û–î–£ –î–ï–ù–ï–ì –° –ö–ê–†–¢–´ –ù–ê –ö–ê–†–¢–£:
1. [Mon Feb 27 15:06:47 MSK 2023] –ó–∞–ø—É—Å—Ç–∞–µ—Ç—Å—è MoneyTransferApplication
2. [Mon Feb 27 15:08:58 MSK 2023] –ü–æ–ª—É—á–∏–ª–∏ –∏—Å—Ö–æ–¥–Ω—ã–µ —Å–≤–µ–¥–µ–Ω–∏—è —Å —Ñ—Ä–æ–Ω—Ç–∞: CardToCardInfo{cardFromNumber='1111666677778888', cardFromValidTill='01/25', cardFromCVV='111', cardToNumber='2222666677778888', amount=Amount{value=200000, currency='RUR'}}
3. [Mon Feb 27 15:08:58 MSK 2023] Service –ø—Ä–∏–Ω—è–ª –¥–∞–Ω–Ω—ã–µ –∫–∞—Ä—Ç: CardToCardInfo{cardFromNumber='1111666677778888', cardFromValidTill='01/25', cardFromCVV='111', cardToNumber='2222666677778888', amount=Amount{value=200000, currency='RUR'}}
4. [Mon Feb 27 15:08:58 MSK 2023] –í—Å–µ –¥–∞–Ω–Ω—ã–µ –∫–∞—Ä—Ç –∫–æ—Ä—Ä–µ–∫—Ç–Ω—ã. –ë—É–¥–µ–º —Å–æ–∑–¥–∞–≤–∞—Ç—å OperationId...
5. [Mon Feb 27 15:08:58 MSK 2023] Service —Å–æ–∑–¥–∞–ª OperationID: OperationId{operationId='04114-1082184875-68212'}
6. [Mon Feb 27 15:08:58 MSK 2023] Controller –ø—Ä–∏–Ω—è–ª OperationID: OperationId{operationId='04114-1082184875-68212'}

–õ–û–ì –†–ê–ë–û–¢–´ –°–ï–†–í–ï–†–ê –ü–û –ü–ï–†–ï–í–û–î–£ –î–ï–ù–ï–ì –° –ö–ê–†–¢–´ –ù–ê –ö–ê–†–¢–£:
1. [Mon Feb 27 15:14:27 MSK 2023] –ó–∞–ø—É—Å—Ç–∞–µ—Ç—Å—è MoneyTransferApplication
2. [Mon Feb 27 15:15:28 MSK 2023] –ü–æ–ª—É—á–∏–ª–∏ –∏—Å—Ö–æ–¥–Ω—ã–µ —Å–≤–µ–¥–µ–Ω–∏—è —Å —Ñ—Ä–æ–Ω—Ç–∞: CardToCardInfo{cardFromNumber='1111666677778888', cardFromValidTill='01/25', cardFromCVV='111', cardToNumber='2222666677778888', amount=Amount{value=23500, currency='RUR'}}
3. [Mon Feb 27 15:15:28 MSK 2023] Service –ø—Ä–∏–Ω—è–ª –¥–∞–Ω–Ω—ã–µ –∫–∞—Ä—Ç: CardToCardInfo{cardFromNumber='1111666677778888', cardFromValidTill='01/25', cardFromCVV='111', cardToNumber='2222666677778888', amount=Amount{value=23500, currency='RUR'}}
4. [Mon Feb 27 15:15:28 MSK 2023] –í—Å–µ –¥–∞–Ω–Ω—ã–µ –∫–∞—Ä—Ç –∫–æ—Ä—Ä–µ–∫—Ç–Ω—ã. –ë—É–¥–µ–º —Å–æ–∑–¥–∞–≤–∞—Ç—å OperationId...
5. [Mon Feb 27 15:15:28 MSK 2023] Service —Å–æ–∑–¥–∞–ª OperationID: OperationId{operationId='53672-4624984033-99667'}
6. [Mon Feb 27 15:15:28 MSK 2023] Controller –ø—Ä–∏–Ω—è–ª OperationID: OperationId{operationId='53672-4624984033-99667'}
7. [Mon Feb 27 15:15:28 MSK 2023] –ü–æ–ª—É—á–∏–ª–∏ –∏—Å—Ö–æ–¥–Ω—ã–µ —Å–≤–µ–¥–µ–Ω–∏—è: ConfirmationData{operationID='53672-4624984033-99667', code='0000'}
8. [Mon Feb 27 15:15:28 MSK 2023] Service –ø—Ä–∏–Ω—è–ª confirmationData: ConfirmationData{operationID='53672-4624984033-99667', code='0000'}
9. [Mon Feb 27 15:15:28 MSK 2023] Service –ø–æ–¥—Ç–≤–µ—Ä–∂–¥–∞–µ—Ç OperationID: OperationId{operationId='53672-4624984033-99667'}
10. [Mon Feb 27 15:15:28 MSK 2023] Controller –ø—Ä–∏–Ω—è–ª –ø–æ–¥—Ç–≤–µ—Ä–∂–¥–µ–Ω–Ω—ã–π OperationID: OperationId{operationId='53672-4624984033-99667'}
11. [Mon Feb 27 15:16:16 MSK 2023] –ü–æ–ª—É—á–∏–ª–∏ –∏—Å—Ö–æ–¥–Ω—ã–µ —Å–≤–µ–¥–µ–Ω–∏—è —Å —Ñ—Ä–æ–Ω—Ç–∞: CardToCardInfo{cardFromNumber='1112666677778888', cardFromValidTill='01/25', cardFromCVV='111', cardToNumber='2222666677778888', amount=Amount{value=65415600, currency='RUR'}}
12. [Mon Feb 27 15:16:16 MSK 2023] Service –ø—Ä–∏–Ω—è–ª –¥–∞–Ω–Ω—ã–µ –∫–∞—Ä—Ç: CardToCardInfo{cardFromNumber='1112666677778888', cardFromValidTill='01/25', cardFromCVV='111', cardToNumber='2222666677778888', amount=Amount{value=65415600, currency='RUR'}}
13. [Mon Feb 27 15:16:16 MSK 2023] –ß–µ-—Ç–æ –Ω–µ —Ç–∞–∫ —Å–æ —Å–≤—è–∑—å—é: –ö–∞—Ä—Ç–∞ —Å –Ω–æ–º–µ—Ä–æ–º 1112666677778888 –Ω–µ –Ω–∞–π–¥–µ–Ω–∞
14. [Mon Feb 27 15:16:57 MSK 2023] –ü–æ–ª—É—á–∏–ª–∏ –∏—Å—Ö–æ–¥–Ω—ã–µ —Å–≤–µ–¥–µ–Ω–∏—è —Å —Ñ—Ä–æ–Ω—Ç–∞: CardToCardInfo{cardFromNumber='1111666677778888', cardFromValidTill='01/25', cardFromCVV='111', cardToNumber='2222666677778884', amount=Amount{value=65415600, currency='RUR'}}
15. [Mon Feb 27 15:16:57 MSK 2023] Service –ø—Ä–∏–Ω—è–ª –¥–∞–Ω–Ω—ã–µ –∫–∞—Ä—Ç: CardToCardInfo{cardFromNumber='1111666677778888', cardFromValidTill='01/25', cardFromCVV='111', cardToNumber='2222666677778884', amount=Amount{value=65415600, currency='RUR'}}
16. [Mon Feb 27 15:16:57 MSK 2023] –í—Å–µ –¥–∞–Ω–Ω—ã–µ –∫–∞—Ä—Ç –∫–æ—Ä—Ä–µ–∫—Ç–Ω—ã. –ë—É–¥–µ–º —Å–æ–∑–¥–∞–≤–∞—Ç—å OperationId...
17. [Mon Feb 27 15:16:57 MSK 2023] Service —Å–æ–∑–¥–∞–ª OperationID: OperationId{operationId='87167-1542896290-64506'}
18. [Mon Feb 27 15:16:57 MSK 2023] Controller –ø—Ä–∏–Ω—è–ª OperationID: OperationId{operationId='87167-1542896290-64506'}
19. [Mon Feb 27 15:16:57 MSK 2023] –ü–æ–ª—É—á–∏–ª–∏ –∏—Å—Ö–æ–¥–Ω—ã–µ —Å–≤–µ–¥–µ–Ω–∏—è: ConfirmationData{operationID='87167-1542896290-64506', code='0000'}
20. [Mon Feb 27 15:16:57 MSK 2023] Service –ø—Ä–∏–Ω—è–ª confirmationData: ConfirmationData{operationID='87167-1542896290-64506', code='0000'}
21. [Mon Feb 27 15:16:57 MSK 2023] Service –ø–æ–¥—Ç–≤–µ—Ä–∂–¥–∞–µ—Ç OperationID: OperationId{operationId='87167-1542896290-64506'}
22. [Mon Feb 27 15:16:57 MSK 2023] Controller –ø—Ä–∏–Ω—è–ª –ø–æ–¥—Ç–≤–µ—Ä–∂–¥–µ–Ω–Ω—ã–π OperationID: OperationId{operationId='87167-1542896290-64506'}

–õ–û–ì –†–ê–ë–û–¢–´ –°–ï–†–í–ï–†–ê –ü–û –ü–ï–†–ï–í–û–î–£ –î–ï–ù–ï–ì –° –ö–ê–†–¢–´ –ù–ê –ö–ê–†–¢–£:
1. [Mon Feb 27 17:05:01 MSK 2023] –ó–∞–ø—É—Å—Ç–∞–µ—Ç—Å—è MoneyTransferApplication
2. [Mon Feb 27 17:05:12 MSK 2023] –ü–æ–ª—É—á–∏–ª–∏ –∏—Å—Ö–æ–¥–Ω—ã–µ —Å–≤–µ–¥–µ–Ω–∏—è —Å —Ñ—Ä–æ–Ω—Ç–∞: CardToCardInfo{cardFromNumber='1111666677778888', cardFromValidTill='01/25', cardFromCVV='111', cardToNumber='2222666677778888', amount=Amount{value=200000, currency='RUR'}}
3. [Mon Feb 27 17:05:12 MSK 2023] Service –ø—Ä–∏–Ω—è–ª –¥–∞–Ω–Ω—ã–µ –∫–∞—Ä—Ç: CardToCardInfo{cardFromNumber='1111666677778888', cardFromValidTill='01/25', cardFromCVV='111', cardToNumber='2222666677778888', amount=Amount{value=200000, currency='RUR'}}
4. [Mon Feb 27 17:05:12 MSK 2023] –í—Å–µ –¥–∞–Ω–Ω—ã–µ –∫–∞—Ä—Ç –∫–æ—Ä—Ä–µ–∫—Ç–Ω—ã. –ë—É–¥–µ–º —Å–æ–∑–¥–∞–≤–∞—Ç—å OperationId...
5. [Mon Feb 27 17:05:12 MSK 2023] Service —Å–æ–∑–¥–∞–ª OperationID: null

–õ–û–ì –†–ê–ë–û–¢–´ –°–ï–†–í–ï–†–ê –ü–û –ü–ï–†–ï–í–û–î–£ –î–ï–ù–ï–ì –° –ö–ê–†–¢–´ –ù–ê –ö–ê–†–¢–£:
1. [Mon Feb 27 17:07:08 MSK 2023] –ó–∞–ø—É—Å—Ç–∞–µ—Ç—Å—è MoneyTransferApplication
2. [Mon Feb 27 17:07:21 MSK 2023] –ü–æ–ª—É—á–∏–ª–∏ –∏—Å—Ö–æ–¥–Ω—ã–µ —Å–≤–µ–¥–µ–Ω–∏—è —Å —Ñ—Ä–æ–Ω—Ç–∞: CardToCardInfo{cardFromNumber='1111666677778888', cardFromValidTill='01/25', cardFromCVV='111', cardToNumber='2222666677778888', amount=Amount{value=200000, currency='RUR'}}
3. [Mon Feb 27 17:07:21 MSK 2023] Service –ø—Ä–∏–Ω—è–ª –¥–∞–Ω–Ω—ã–µ –∫–∞—Ä—Ç: CardToCardInfo{cardFromNumber='1111666677778888', cardFromValidTill='01/25', cardFromCVV='111', cardToNumber='2222666677778888', amount=Amount{value=200000, currency='RUR'}}
4. [Mon Feb 27 17:07:21 MSK 2023] –í—Å–µ –¥–∞–Ω–Ω—ã–µ –∫–∞—Ä—Ç –∫–æ—Ä—Ä–µ–∫—Ç–Ω—ã. –ë—É–¥–µ–º —Å–æ–∑–¥–∞–≤–∞—Ç—å OperationId...
5. [Mon Feb 27 17:07:21 MSK 2023] Controller –ø—Ä–∏–Ω—è–ª OperationID: OperationId{operationId='52557-8676532119-49617'}

–õ–û–ì –†–ê–ë–û–¢–´ –°–ï–†–í–ï–†–ê –ü–û –ü–ï–†–ï–í–û–î–£ –î–ï–ù–ï–ì –° –ö–ê–†–¢–´ –ù–ê –ö–ê–†–¢–£:
1. [Mon Feb 27 19:22:26 MSK 2023] –ó–∞–ø—É—Å—Ç–∞–µ—Ç—Å—è MoneyTransferApplication

–õ–û–ì –†–ê–ë–û–¢–´ –°–ï–†–í–ï–†–ê –ü–û –ü–ï–†–ï–í–û–î–£ –î–ï–ù–ï–ì –° –ö–ê–†–¢–´ –ù–ê –ö–ê–†–¢–£:
1. [Mon Feb 27 19:25:18 MSK 2023] –ó–∞–ø—É—Å—Ç–∞–µ—Ç—Å—è MoneyTransferApplication

–õ–û–ì –†–ê–ë–û–¢–´ –°–ï–†–í–ï–†–ê –ü–û –ü–ï–†–ï–í–û–î–£ –î–ï–ù–ï–ì –° –ö–ê–†–¢–´ –ù–ê –ö–ê–†–¢–£:
1. [Mon Feb 27 19:28:05 MSK 2023] –ó–∞–ø—É—Å—Ç–∞–µ—Ç—Å—è MoneyTransferApplication
2. [Mon Feb 27 19:29:01 MSK 2023] –ü–æ–ª—É—á–∏–ª–∏ –∏—Å—Ö–æ–¥–Ω—ã–µ —Å–≤–µ–¥–µ–Ω–∏—è: ConfirmationData{operationID='111', code='0000'}
3. [Mon Feb 27 19:29:01 MSK 2023] Service –ø—Ä–∏–Ω—è–ª confirmationData: ConfirmationData{operationID='111', code='0000'}
4. [Mon Feb 27 19:29:01 MSK 2023] –û–±–º–∞–Ω—É—Ç—å –ø—ã—Ç–∞–µ—Ç–µ—Å—å?

–õ–û–ì –†–ê–ë–û–¢–´ –°–ï–†–í–ï–†–ê –ü–û –ü–ï–†–ï–í–û–î–£ –î–ï–ù–ï–ì –° –ö–ê–†–¢–´ –ù–ê –ö–ê–†–¢–£:
1. [Mon Feb 27 19:29:54 MSK 2023] –ó–∞–ø—É—Å—Ç–∞–µ—Ç—Å—è MoneyTransferApplication
2. [Mon Feb 27 19:30:49 MSK 2023] –ü–æ–ª—É—á–∏–ª–∏ –∏—Å—Ö–æ–¥–Ω—ã–µ —Å–≤–µ–¥–µ–Ω–∏—è: ConfirmationData{operationID='111', code='0000'}
3. [Mon Feb 27 19:30:49 MSK 2023] Service –ø—Ä–∏–Ω—è–ª confirmationData: ConfirmationData{operationID='111', code='0000'}
4. [Mon Feb 27 19:30:49 MSK 2023] –û–±–º–∞–Ω—É—Ç—å –ø—ã—Ç–∞–µ—Ç–µ—Å—å?

–õ–û–ì –†–ê–ë–û–¢–´ –°–ï–†–í–ï–†–ê –ü–û –ü–ï–†–ï–í–û–î–£ –î–ï–ù–ï–ì –° –ö–ê–†–¢–´ –ù–ê –ö–ê–†–¢–£:
1. [Mon Feb 27 22:05:27 MSK 2023] –ó–∞–ø—É—Å—Ç–∞–µ—Ç—Å—è MoneyTransferApplication
2. [Mon Feb 27 22:05:40 MSK 2023] –ü–æ–ª—É—á–∏–ª–∏ –∏—Å—Ö–æ–¥–Ω—ã–µ —Å–≤–µ–¥–µ–Ω–∏—è: ConfirmationData{operationID='111', code='0000'}
3. [Mon Feb 27 22:05:43 MSK 2023] Service –ø—Ä–∏–Ω—è–ª confirmationData: ConfirmationData{operationID='111', code='0000'}
4. [Mon Feb 27 22:07:32 MSK 2023] –û–±–º–∞–Ω—É—Ç—å –ø—ã—Ç–∞–µ—Ç–µ—Å—å?

–õ–û–ì –†–ê–ë–û–¢–´ –°–ï–†–í–ï–†–ê –ü–û –ü–ï–†–ï–í–û–î–£ –î–ï–ù–ï–ì –° –ö–ê–†–¢–´ –ù–ê –ö–ê–†–¢–£:
1. [Mon Feb 27 22:08:20 MSK 2023] –ó–∞–ø—É—Å—Ç–∞–µ—Ç—Å—è MoneyTransferApplication
2. [Mon Feb 27 22:08:40 MSK 2023] –ü–æ–ª—É—á–∏–ª–∏ –∏—Å—Ö–æ–¥–Ω—ã–µ —Å–≤–µ–¥–µ–Ω–∏—è: ConfirmationData{operationID='111', code='0000'}
3. [Mon Feb 27 22:09:10 MSK 2023] Service –ø—Ä–∏–Ω—è–ª confirmationData: ConfirmationData{operationID='111', code='0000'}

–õ–û–ì –†–ê–ë–û–¢–´ –°–ï–†–í–ï–†–ê –ü–û –ü–ï–†–ï–í–û–î–£ –î–ï–ù–ï–ì –° –ö–ê–†–¢–´ –ù–ê –ö–ê–†–¢–£:
1. [Mon Feb 27 22:11:29 MSK 2023] –ó–∞–ø—É—Å—Ç–∞–µ—Ç—Å—è MoneyTransferApplication
2. [Mon Feb 27 22:11:47 MSK 2023] –ü–æ–ª—É—á–∏–ª–∏ –∏—Å—Ö–æ–¥–Ω—ã–µ —Å–≤–µ–¥–µ–Ω–∏—è: ConfirmationData{operationID='111', code='0000'}
3. [Mon Feb 27 22:11:51 MSK 2023] Service –ø—Ä–∏–Ω—è–ª confirmationData: ConfirmationData{operationID='111', code='0000'}
4. [Mon Feb 27 22:14:10 MSK 2023] –ü–æ–ª—É—á–∏–ª–∏ –∏—Å—Ö–æ–¥–Ω—ã–µ —Å–≤–µ–¥–µ–Ω–∏—è: ConfirmationData{operationID='111', code='0000'}
5. [Mon Feb 27 22:14:10 MSK 2023] Service –ø—Ä–∏–Ω—è–ª confirmationData: ConfirmationData{operationID='111', code='0000'}

–õ–û–ì –†–ê–ë–û–¢–´ –°–ï–†–í–ï–†–ê –ü–û –ü–ï–†–ï–í–û–î–£ –î–ï–ù–ï–ì –° –ö–ê–†–¢–´ –ù–ê –ö–ê–†–¢–£:
1. [Mon Feb 27 22:24:26 MSK 2023] –ó–∞–ø—É—Å—Ç–∞–µ—Ç—Å—è MoneyTransferApplication
2. [Mon Feb 27 22:24:35 MSK 2023] –ü–æ–ª—É—á–∏–ª–∏ –∏—Å—Ö–æ–¥–Ω—ã–µ —Å–≤–µ–¥–µ–Ω–∏—è: ConfirmationData{operationID='111', code='0000'}
3. [Mon Feb 27 22:24:35 MSK 2023] Service –ø—Ä–∏–Ω—è–ª confirmationData: ConfirmationData{operationID='111', code='0000'}
4. [Mon Feb 27 22:26:06 MSK 2023] Service –ø–æ–¥—Ç–≤–µ—Ä–∂–¥–∞–µ—Ç OperationID: 111
5. [Mon Feb 27 22:26:06 MSK 2023] CardToCardInfo{cardFromNumber='1111666677778888', cardFromValidTill='01/25', cardFromCVV='111', cardToNumber='2222666677778888', amount=Amount{value=2000, currency='RUR'}}

–õ–û–ì –†–ê–ë–û–¢–´ –°–ï–†–í–ï–†–ê –ü–û –ü–ï–†–ï–í–û–î–£ –î–ï–ù–ï–ì –° –ö–ê–†–¢–´ –ù–ê –ö–ê–†–¢–£:
1. [Mon Feb 27 22:26:11 MSK 2023] –ó–∞–ø—É—Å—Ç–∞–µ—Ç—Å—è MoneyTransferApplication
2. [Mon Feb 27 22:26:23 MSK 2023] –ü–æ–ª—É—á–∏–ª–∏ –∏—Å—Ö–æ–¥–Ω—ã–µ —Å–≤–µ–¥–µ–Ω–∏—è: ConfirmationData{operationID='111', code='0000'}
3. [Mon Feb 27 22:26:23 MSK 2023] Service –ø—Ä–∏–Ω—è–ª confirmationData: ConfirmationData{operationID='111', code='0000'}
4. [Mon Feb 27 22:35:24 MSK 2023] Service –ø–æ–¥—Ç–≤–µ—Ä–∂–¥–∞–µ—Ç OperationID: 111
5. [Mon Feb 27 22:35:24 MSK 2023] CardToCardInfo{cardFromNumber='1111666677778888', cardFromValidTill='01/25', cardFromCVV='111', cardToNumber='2222666677778888', amount=Amount{value=2000, currency='RUR'}}

–õ–û–ì –†–ê–ë–û–¢–´ –°–ï–†–í–ï–†–ê –ü–û –ü–ï–†–ï–í–û–î–£ –î–ï–ù–ï–ì –° –ö–ê–†–¢–´ –ù–ê –ö–ê–†–¢–£:
1. [Mon Feb 27 22:35:31 MSK 2023] –ó–∞–ø—É—Å—Ç–∞–µ—Ç—Å—è MoneyTransferApplication
2. [Mon Feb 27 22:35:39 MSK 2023] –ü–æ–ª—É—á–∏–ª–∏ –∏—Å—Ö–æ–¥–Ω—ã–µ —Å–≤–µ–¥–µ–Ω–∏—è: ConfirmationData{operationID='111', code='0000'}
3. [Mon Feb 27 22:35:39 MSK 2023] Service –ø—Ä–∏–Ω—è–ª confirmationData: ConfirmationData{operationID='111', code='0000'}
4. [Mon Feb 27 22:35:39 MSK 2023] [31m–ü–µ—Ä–µ–≤–æ–¥ 20 —Ä—É–±–ª–µ–π —Å –∫–∞—Ä—Ç—ã 1 –Ω–∞ –∫–∞—Ä—Ç—É 1 –ø—Ä–æ–∏–∑–≤–µ–¥–µ–Ω —É—Å–ø–µ—à–Ω–æ. –ë—ã–ª–∞ –≤–∑—è—Ç–∞ –∫–æ–º–∏—Å—Å–∏—è –≤ —Ä–∞–∑–º–µ—Ä–µ 1 —Ä—É–±–ª–µ–π

5. [Mon Feb 27 22:37:02 MSK 2023] Service –ø–æ–¥—Ç–≤–µ—Ä–∂–¥–∞–µ—Ç OperationID: 111
6. [Mon Feb 27 22:37:02 MSK 2023] CardToCardInfo{cardFromNumber='1111666677778888', cardFromValidTill='01/25', cardFromCVV='111', cardToNumber='2222666677778888', amount=Amount{value=2000, currency='RUR'}}

–õ–û–ì –†–ê–ë–û–¢–´ –°–ï–†–í–ï–†–ê –ü–û –ü–ï–†–ï–í–û–î–£ –î–ï–ù–ï–ì –° –ö–ê–†–¢–´ –ù–ê –ö–ê–†–¢–£:
1. [Mon Feb 27 22:37:07 MSK 2023] –ó–∞–ø—É—Å—Ç–∞–µ—Ç—Å—è MoneyTransferApplication
2. [Mon Feb 27 22:37:15 MSK 2023] –ü–æ–ª—É—á–∏–ª–∏ –∏—Å—Ö–æ–¥–Ω—ã–µ —Å–≤–µ–¥–µ–Ω–∏—è: ConfirmationData{operationID='111', code='0000'}
3. [Mon Feb 27 22:37:15 MSK 2023] Service –ø—Ä–∏–Ω—è–ª confirmationData: ConfirmationData{operationID='111', code='0000'}

–õ–û–ì –†–ê–ë–û–¢–´ –°–ï–†–í–ï–†–ê –ü–û –ü–ï–†–ï–í–û–î–£ –î–ï–ù–ï–ì –° –ö–ê–†–¢–´ –ù–ê –ö–ê–†–¢–£:
1. [Mon Feb 27 22:37:50 MSK 2023] –ó–∞–ø—É—Å—Ç–∞–µ—Ç—Å—è MoneyTransferApplication
2. [Mon Feb 27 22:37:58 MSK 2023] –ü–æ–ª—É—á–∏–ª–∏ –∏—Å—Ö–æ–¥–Ω—ã–µ —Å–≤–µ–¥–µ–Ω–∏—è: ConfirmationData{operationID='111', code='0000'}
3. [Mon Feb 27 22:37:58 MSK 2023] Service –ø—Ä–∏–Ω—è–ª confirmationData: ConfirmationData{operationID='111', code='0000'}

–õ–û–ì –†–ê–ë–û–¢–´ –°–ï–†–í–ï–†–ê –ü–û –ü–ï–†–ï–í–û–î–£ –î–ï–ù–ï–ì –° –ö–ê–†–¢–´ –ù–ê –ö–ê–†–¢–£:
1. [Mon Feb 27 22:38:18 MSK 2023] –ó–∞–ø—É—Å—Ç–∞–µ—Ç—Å—è MoneyTransferApplication
2. [Mon Feb 27 22:38:29 MSK 2023] –ü–æ–ª—É—á–∏–ª–∏ –∏—Å—Ö–æ–¥–Ω—ã–µ —Å–≤–µ–¥–µ–Ω–∏—è: ConfirmationData{operationID='111', code='0000'}
3. [Mon Feb 27 22:38:29 MSK 2023] Service –ø—Ä–∏–Ω—è–ª confirmationData: ConfirmationData{operationID='111', code='0000'}

–õ–û–ì –†–ê–ë–û–¢–´ –°–ï–†–í–ï–†–ê –ü–û –ü–ï–†–ï–í–û–î–£ –î–ï–ù–ï–ì –° –ö–ê–†–¢–´ –ù–ê –ö–ê–†–¢–£:
1. [Mon Feb 27 22:38:47 MSK 2023] –ó–∞–ø—É—Å—Ç–∞–µ—Ç—Å—è MoneyTransferApplication
2. [Mon Feb 27 22:38:58 MSK 2023] –ü–æ–ª—É—á–∏–ª–∏ –∏—Å—Ö–æ–¥–Ω—ã–µ —Å–≤–µ–¥–µ–Ω–∏—è: ConfirmationData{operationID='111', code='0000'}
3. [Mon Feb 27 22:38:58 MSK 2023] Service –ø—Ä–∏–Ω—è–ª confirmationData: ConfirmationData{operationID='111', code='0000'}

–õ–û–ì –†–ê–ë–û–¢–´ –°–ï–†–í–ï–†–ê –ü–û –ü–ï–†–ï–í–û–î–£ –î–ï–ù–ï–ì –° –ö–ê–†–¢–´ –ù–ê –ö–ê–†–¢–£:
1. [Mon Feb 27 22:40:09 MSK 2023] –ó–∞–ø—É—Å—Ç–∞–µ—Ç—Å—è MoneyTransferApplication
2. [Mon Feb 27 22:40:15 MSK 2023] –ü–æ–ª—É—á–∏–ª–∏ –∏—Å—Ö–æ–¥–Ω—ã–µ —Å–≤–µ–¥–µ–Ω–∏—è: ConfirmationData{operationID='111', code='0000'}
3. [Mon Feb 27 22:40:15 MSK 2023] Service –ø—Ä–∏–Ω—è–ª confirmationData: ConfirmationData{operationID='111', code='0000'}
4. [Mon Feb 27 22:40:58 MSK 2023] [31m–ü–µ—Ä–µ–≤–æ–¥ 20 —Ä—É–±–ª–µ–π —Å –∫–∞—Ä—Ç—ã 1111666677778888 –Ω–∞ –∫–∞—Ä—Ç—É 2222666677778888 –ø—Ä–æ–∏–∑–≤–µ–¥–µ–Ω —É—Å–ø–µ—à–Ω–æ. –ë—ã–ª–∞ –≤–∑—è—Ç–∞ –∫–æ–º–∏—Å—Å–∏—è –≤ —Ä–∞–∑–º–µ—Ä–µ 0 —Ä—É–±–ª–µ–π


–õ–û–ì –†–ê–ë–û–¢–´ –°–ï–†–í–ï–†–ê –ü–û –ü–ï–†–ï–í–û–î–£ –î–ï–ù–ï–ì –° –ö–ê–†–¢–´ –ù–ê –ö–ê–†–¢–£:
1. [Mon Feb 27 22:41:04 MSK 2023] –ó–∞–ø—É—Å—Ç–∞–µ—Ç—Å—è MoneyTransferApplication
2. [Mon Feb 27 22:41:11 MSK 2023] –ü–æ–ª—É—á–∏–ª–∏ –∏—Å—Ö–æ–¥–Ω—ã–µ —Å–≤–µ–¥–µ–Ω–∏—è: ConfirmationData{operationID='111', code='0000'}
3. [Mon Feb 27 22:41:11 MSK 2023] Service –ø—Ä–∏–Ω—è–ª confirmationData: ConfirmationData{operationID='111', code='0000'}
4. [Mon Feb 27 22:41:20 MSK 2023] [31m–ü–µ—Ä–µ–≤–æ–¥ 2000 —Ä—É–±–ª–µ–π —Å –∫–∞—Ä—Ç—ã 1111666677778888 –Ω–∞ –∫–∞—Ä—Ç—É 2222666677778888 –ø—Ä–æ–∏–∑–≤–µ–¥–µ–Ω —É—Å–ø–µ—à–Ω–æ. –ë—ã–ª–∞ –≤–∑—è—Ç–∞ –∫–æ–º–∏—Å—Å–∏—è –≤ —Ä–∞–∑–º–µ—Ä–µ 20 —Ä—É–±–ª–µ–π

5. [Mon Feb 27 22:43:33 MSK 2023] –ü–æ–ª—É—á–∏–ª–∏ –∏—Å—Ö–æ–¥–Ω—ã–µ —Å–≤–µ–¥–µ–Ω–∏—è —Å —Ñ—Ä–æ–Ω—Ç–∞: CardToCardInfo{cardFromNumber='1111666677778888', cardFromValidTill='01/25', cardFromCVV='111', cardToNumber='2222666677778888', amount=Amount{value=200000, currency='RUR'}}
6. [Mon Feb 27 22:43:33 MSK 2023] Service –ø—Ä–∏–Ω—è–ª –¥–∞–Ω–Ω—ã–µ –∫–∞—Ä—Ç: CardToCardInfo{cardFromNumber='1111666677778888', cardFromValidTill='01/25', cardFromCVV='111', cardToNumber='2222666677778888', amount=Amount{value=200000, currency='RUR'}}
7. [Mon Feb 27 22:43:33 MSK 2023] –í—Å–µ –¥–∞–Ω–Ω—ã–µ –∫–∞—Ä—Ç –∫–æ—Ä—Ä–µ–∫—Ç–Ω—ã. –ë—É–¥–µ–º —Å–æ–∑–¥–∞–≤–∞—Ç—å OperationId...
8. [Mon Feb 27 22:43:33 MSK 2023] Controller –ø—Ä–∏–Ω—è–ª OperationID: OperationId{operationId='82474-5344266771-92252'}
9. [Mon Feb 27 22:44:18 MSK 2023] –ü–æ–ª—É—á–∏–ª–∏ –∏—Å—Ö–æ–¥–Ω—ã–µ —Å–≤–µ–¥–µ–Ω–∏—è —Å —Ñ—Ä–æ–Ω—Ç–∞: CardToCardInfo{cardFromNumber='1111666677778888', cardFromValidTill='01/25', cardFromCVV='111', cardToNumber='2222666677778888', amount=Amount{value=3000000, currency='RUR'}}
10. [Mon Feb 27 22:44:18 MSK 2023] Service –ø—Ä–∏–Ω—è–ª –¥–∞–Ω–Ω—ã–µ –∫–∞—Ä—Ç: CardToCardInfo{cardFromNumber='1111666677778888', cardFromValidTill='01/25', cardFromCVV='111', cardToNumber='2222666677778888', amount=Amount{value=3000000, currency='RUR'}}
11. [Mon Feb 27 22:44:18 MSK 2023] –í—Å–µ –¥–∞–Ω–Ω—ã–µ –∫–∞—Ä—Ç –∫–æ—Ä—Ä–µ–∫—Ç–Ω—ã. –ë—É–¥–µ–º —Å–æ–∑–¥–∞–≤–∞—Ç—å OperationId...
12. [Mon Feb 27 22:44:18 MSK 2023] Controller –ø—Ä–∏–Ω—è–ª OperationID: OperationId{operationId='83881-3962219024-37955'}
13. [Mon Feb 27 22:44:18 MSK 2023] –ü–æ–ª—É—á–∏–ª–∏ –∏—Å—Ö–æ–¥–Ω—ã–µ —Å–≤–µ–¥–µ–Ω–∏—è: ConfirmationData{operationID='83881-3962219024-37955', code='0000'}
14. [Mon Feb 27 22:44:18 MSK 2023] Service –ø—Ä–∏–Ω—è–ª confirmationData: ConfirmationData{operationID='83881-3962219024-37955', code='0000'}
15. [Mon Feb 27 22:44:18 MSK 2023] [31m–ü–µ—Ä–µ–≤–æ–¥ 30000 —Ä—É–±–ª–µ–π —Å –∫–∞—Ä—Ç—ã 1111666677778888 –Ω–∞ –∫–∞—Ä—Ç—É 2222666677778888 –ø—Ä–æ–∏–∑–≤–µ–¥–µ–Ω —É—Å–ø–µ—à–Ω–æ. –ë—ã–ª–∞ –≤–∑—è—Ç–∞ –∫–æ–º–∏—Å—Å–∏—è –≤ —Ä–∞–∑–º–µ—Ä–µ 300 —Ä—É–±–ª–µ–π


–õ–û–ì –†–ê–ë–û–¢–´ –°–ï–†–í–ï–†–ê –ü–û –ü–ï–†–ï–í–û–î–£ –î–ï–ù–ï–ì –° –ö–ê–†–¢–´ –ù–ê –ö–ê–†–¢–£:
1. [Mon Feb 27 22:50:13 MSK 2023] –ó–∞–ø—É—Å—Ç–∞–µ—Ç—Å—è MoneyTransferApplication
2. [Mon Feb 27 22:50:47 MSK 2023] –ü–æ–ª—É—á–∏–ª–∏ –∏—Å—Ö–æ–¥–Ω—ã–µ —Å–≤–µ–¥–µ–Ω–∏—è: ConfirmationData{operationID='111', code='0010'}
3. [Mon Feb 27 22:50:47 MSK 2023] Service –ø—Ä–∏–Ω—è–ª confirmationData: ConfirmationData{operationID='111', code='0010'}
4. [Mon Feb 27 22:50:47 MSK 2023] –û–±–º–∞–Ω—É—Ç—å –ø—ã—Ç–∞–µ—Ç–µ—Å—å?–ù–µ–≤–µ—Ä–Ω—ã–π –∫–æ–¥ –ø–æ–¥—Ç–≤–µ—Ä–∂–¥–µ–Ω–∏—è
5. [Mon Feb 27 22:52:11 MSK 2023] –ü–æ–ª—É—á–∏–ª–∏ –∏—Å—Ö–æ–¥–Ω—ã–µ —Å–≤–µ–¥–µ–Ω–∏—è: ConfirmationData{operationID='112', code='0000'}
6. [Mon Feb 27 22:52:11 MSK 2023] Service –ø—Ä–∏–Ω—è–ª confirmationData: ConfirmationData{operationID='112', code='0000'}
7. [Mon Feb 27 22:52:11 MSK 2023] –û–±–º–∞–Ω—É—Ç—å –ø—ã—Ç–∞–µ—Ç–µ—Å—å?–û–ø–µ—Ä–µ—Ü–∏—è —Å ID: 112 –æ—Ç—Å—É—Ç—Å—Ç–≤—É–µ—Ç

–õ–û–ì –†–ê–ë–û–¢–´ –°–ï–†–í–ï–†–ê –ü–û –ü–ï–†–ï–í–û–î–£ –î–ï–ù–ï–ì –° –ö–ê–†–¢–´ –ù–ê –ö–ê–†–¢–£:
1. [Mon Feb 27 22:54:30 MSK 2023] –ó–∞–ø—É—Å—Ç–∞–µ—Ç—Å—è MoneyTransferApplication
2. [Mon Feb 27 22:55:06 MSK 2023] –ü–æ–ª—É—á–∏–ª–∏ –∏—Å—Ö–æ–¥–Ω—ã–µ —Å–≤–µ–¥–µ–Ω–∏—è —Å —Ñ—Ä–æ–Ω—Ç–∞: CardToCardInfo{cardFromNumber='1111666677778888', cardFromValidTill='01/25', cardFromCVV='111', cardToNumber='2222666677778888', amount=Amount{value=5000000, currency='RUR'}}
3. [Mon Feb 27 22:55:06 MSK 2023] Service –ø—Ä–∏–Ω—è–ª –¥–∞–Ω–Ω—ã–µ –∫–∞—Ä—Ç: CardToCardInfo{cardFromNumber='1111666677778888', cardFromValidTill='01/25', cardFromCVV='111', cardToNumber='2222666677778888', amount=Amount{value=5000000, currency='RUR'}}
4. [Mon Feb 27 22:55:06 MSK 2023] –í—Å–µ –¥–∞–Ω–Ω—ã–µ –∫–∞—Ä—Ç –∫–æ—Ä—Ä–µ–∫—Ç–Ω—ã. –ë—É–¥–µ–º —Å–æ–∑–¥–∞–≤–∞—Ç—å OperationId...
5. [Mon Feb 27 22:55:06 MSK 2023] Controller –ø—Ä–∏–Ω—è–ª OperationID: OperationId{operationId='12194-4307521223-42670'}
6. [Mon Feb 27 22:55:06 MSK 2023] –ü–æ–ª—É—á–∏–ª–∏ –∏—Å—Ö–æ–¥–Ω—ã–µ —Å–≤–µ–¥–µ–Ω–∏—è: ConfirmationData{operationID='12194-4307521223-42670', code='0000'}
7. [Mon Feb 27 22:55:06 MSK 2023] Service –ø—Ä–∏–Ω—è–ª confirmationData: ConfirmationData{operationID='12194-4307521223-42670', code='0000'}
8. [Mon Feb 27 22:55:06 MSK 2023] [31m–ü–µ—Ä–µ–≤–æ–¥ 50000 —Ä—É–±–ª–µ–π —Å –∫–∞—Ä—Ç—ã 1111666677778888 –Ω–∞ –∫–∞—Ä—Ç—É 2222666677778888 –ø—Ä–æ–∏–∑–≤–µ–¥–µ–Ω —É—Å–ø–µ—à–Ω–æ. –ë—ã–ª–∞ –≤–∑—è—Ç–∞ –∫–æ–º–∏—Å—Å–∏—è –≤ —Ä–∞–∑–º–µ—Ä–µ 500 —Ä—É–±–ª–µ–π

9. [Mon Feb 27 22:55:48 MSK 2023] –ü–æ–ª—É—á–∏–ª–∏ –∏—Å—Ö–æ–¥–Ω—ã–µ —Å–≤–µ–¥–µ–Ω–∏—è —Å —Ñ—Ä–æ–Ω—Ç–∞: CardToCardInfo{cardFromNumber='1224342314123412', cardFromValidTill='12/24', cardFromCVV='123', cardToNumber='2342341325345324', amount=Amount{value=45654700, currency='RUR'}}
10. [Mon Feb 27 22:55:48 MSK 2023] Service –ø—Ä–∏–Ω—è–ª –¥–∞–Ω–Ω—ã–µ –∫–∞—Ä—Ç: CardToCardInfo{cardFromNumber='1224342314123412', cardFromValidTill='12/24', cardFromCVV='123', cardToNumber='2342341325345324', amount=Amount{value=45654700, currency='RUR'}}
11. [Mon Feb 27 22:55:48 MSK 2023] –ß–µ-—Ç–æ –Ω–µ —Ç–∞–∫ —Å–æ —Å–≤—è–∑—å—é: –ö–∞—Ä—Ç–∞ —Å –Ω–æ–º–µ—Ä–æ–º 1224342314123412 –Ω–µ –Ω–∞–π–¥–µ–Ω–∞
12. [Mon Feb 27 22:56:33 MSK 2023] –ü–æ–ª—É—á–∏–ª–∏ –∏—Å—Ö–æ–¥–Ω—ã–µ —Å–≤–µ–¥–µ–Ω–∏—è —Å —Ñ—Ä–æ–Ω—Ç–∞: CardToCardInfo{cardFromNumber='5555666677778888', cardFromValidTill='05/23', cardFromCVV='555', cardToNumber='2342341325345324', amount=Amount{value=45654700, currency='RUR'}}
13. [Mon Feb 27 22:56:33 MSK 2023] Service –ø—Ä–∏–Ω—è–ª –¥–∞–Ω–Ω—ã–µ –∫–∞—Ä—Ç: CardToCardInfo{cardFromNumber='5555666677778888', cardFromValidTill='05/23', cardFromCVV='555', cardToNumber='2342341325345324', amount=Amount{value=45654700, currency='RUR'}}
14. [Mon Feb 27 22:56:33 MSK 2023] –ß–µ—Ç–æ —Å –∫–∞—Ä—Ç–æ–π –Ω–µ —Ç–æ: –í–≤–µ–¥–µ–Ω—ã –Ω–µ–≤–µ—Ä–Ω—ã–µ –¥–∞–Ω–Ω—ã–µ –∫–∞—Ä—Ç—ã (—Å—Ä–æ–∫ –¥–µ–π—Å—Ç–≤–∏—è / CVV –Ω–æ–º–µ—Ä)

–õ–û–ì –†–ê–ë–û–¢–´ –°–ï–†–í–ï–†–ê –ü–û –ü–ï–†–ï–í–û–î–£ –î–ï–ù–ï–ì –° –ö–ê–†–¢–´ –ù–ê –ö–ê–†–¢–£:
1. [Mon Feb 27 22:57:52 MSK 2023] –ó–∞–ø—É—Å—Ç–∞–µ—Ç—Å—è MoneyTransferApplication
2. [Mon Feb 27 22:58:19 MSK 2023] –ü–æ–ª—É—á–∏–ª–∏ –∏—Å—Ö–æ–¥–Ω—ã–µ —Å–≤–µ–¥–µ–Ω–∏—è —Å —Ñ—Ä–æ–Ω—Ç–∞: CardToCardInfo{cardFromNumber='1111666677778888', cardFromValidTill='01/25', cardFromCVV='111', cardToNumber='2222666677778888', amount=Amount{value=45654700, currency='RUR'}}
3. [Mon Feb 27 22:58:19 MSK 2023] Service –ø—Ä–∏–Ω—è–ª –¥–∞–Ω–Ω—ã–µ –∫–∞—Ä—Ç: CardToCardInfo{cardFromNumber='1111666677778888', cardFromValidTill='01/25', cardFromCVV='111', cardToNumber='2222666677778888', amount=Amount{value=45654700, currency='RUR'}}
4. [Mon Feb 27 22:58:19 MSK 2023] –í—Å–µ –¥–∞–Ω–Ω—ã–µ –∫–∞—Ä—Ç –∫–æ—Ä—Ä–µ–∫—Ç–Ω—ã. –ë—É–¥–µ–º —Å–æ–∑–¥–∞–≤–∞—Ç—å OperationId...
5. [Mon Feb 27 22:58:19 MSK 2023] Controller –ø—Ä–∏–Ω—è–ª OperationID: OperationId{operationId='97830-8289857193-12308'}
6. [Mon Feb 27 22:58:19 MSK 2023] –ü–æ–ª—É—á–∏–ª–∏ –∏—Å—Ö–æ–¥–Ω—ã–µ —Å–≤–µ–¥–µ–Ω–∏—è: ConfirmationData{operationID='97830-8289857193-12308', code='0000'}
7. [Mon Feb 27 22:58:19 MSK 2023] Service –ø—Ä–∏–Ω—è–ª confirmationData: ConfirmationData{operationID='97830-8289857193-12308', code='0000'}
8. [Mon Feb 27 22:58:19 MSK 2023] [31m–ü–µ—Ä–µ–≤–æ–¥ 456547 —Ä—É–±–ª–µ–π —Å –∫–∞—Ä—Ç—ã 1111666677778888 –Ω–∞ –∫–∞—Ä—Ç—É 2222666677778888 –ø—Ä–æ–∏–∑–≤–µ–¥–µ–Ω —É—Å–ø–µ—à–Ω–æ. –ë—ã–ª–∞ –≤–∑—è—Ç–∞ –∫–æ–º–∏—Å—Å–∏—è –≤ —Ä–∞–∑–º–µ—Ä–µ 4565 —Ä—É–±–ª–µ–π


–õ–û–ì –†–ê–ë–û–¢–´ –°–ï–†–í–ï–†–ê –ü–û –ü–ï–†–ï–í–û–î–£ –î–ï–ù–ï–ì –° –ö–ê–†–¢–´ –ù–ê –ö–ê–†–¢–£:
1. [Mon Feb 27 22:59:35 MSK 2023] –ó–∞–ø—É—Å—Ç–∞–µ—Ç—Å—è MoneyTransferApplication
2. [Mon Feb 27 23:00:06 MSK 2023] –ü–æ–ª—É—á–∏–ª–∏ –∏—Å—Ö–æ–¥–Ω—ã–µ —Å–≤–µ–¥–µ–Ω–∏—è —Å —Ñ—Ä–æ–Ω—Ç–∞: CardToCardInfo{cardFromNumber='1111666677778888', cardFromValidTill='01/25', cardFromCVV='111', cardToNumber='2222666677778888', amount=Amount{value=45676500, currency='RUR'}}
3. [Mon Feb 27 23:00:06 MSK 2023] Service –ø—Ä–∏–Ω—è–ª –¥–∞–Ω–Ω—ã–µ –∫–∞—Ä—Ç: CardToCardInfo{cardFromNumber='1111666677778888', cardFromValidTill='01/25', cardFromCVV='111', cardToNumber='2222666677778888', amount=Amount{value=45676500, currency='RUR'}}
4. [Mon Feb 27 23:00:06 MSK 2023] –í—Å–µ –¥–∞–Ω–Ω—ã–µ –∫–∞—Ä—Ç –∫–æ—Ä—Ä–µ–∫—Ç–Ω—ã. –ë—É–¥–µ–º —Å–æ–∑–¥–∞–≤–∞—Ç—å OperationId...
5. [Mon Feb 27 23:00:06 MSK 2023] Controller –ø—Ä–∏–Ω—è–ª OperationID: OperationId{operationId='54264-9741363673-32406'}
6. [Mon Feb 27 23:00:06 MSK 2023] –ü–æ–ª—É—á–∏–ª–∏ –∏—Å—Ö–æ–¥–Ω—ã–µ —Å–≤–µ–¥–µ–Ω–∏—è: ConfirmationData{operationID='54264-9741363673-32406', code='0000'}
7. [Mon Feb 27 23:00:06 MSK 2023] Service –ø—Ä–∏–Ω—è–ª confirmationData: ConfirmationData{operationID='54264-9741363673-32406', code='0000'}
8. [Mon Feb 27 23:00:06 MSK 2023] [31m–ü–µ—Ä–µ–≤–æ–¥ 456765 —Ä—É–±–ª–µ–π —Å –∫–∞—Ä—Ç—ã 1111666677778888 –Ω–∞ –∫–∞—Ä—Ç—É 2222666677778888 –ø—Ä–æ–∏–∑–≤–µ–¥–µ–Ω —É—Å–ø–µ—à–Ω–æ. –ë—ã–ª–∞ –≤–∑—è—Ç–∞ –∫–æ–º–∏—Å—Å–∏—è –≤ —Ä–∞–∑–º–µ—Ä–µ 4567 —Ä—É–±–ª–µ–π


–õ–û–ì –†–ê–ë–û–¢–´ –°–ï–†–í–ï–†–ê –ü–û –ü–ï–†–ï–í–û–î–£ –î–ï–ù–ï–ì –° –ö–ê–†–¢–´ –ù–ê –ö–ê–†–¢–£:
1. [Mon Feb 27 23:04:01 MSK 2023] –ó–∞–ø—É—Å—Ç–∞–µ—Ç—Å—è MoneyTransferApplication
2. [Mon Feb 27 23:04:26 MSK 2023] –ü–æ–ª—É—á–∏–ª–∏ –∏—Å—Ö–æ–¥–Ω—ã–µ —Å–≤–µ–¥–µ–Ω–∏—è —Å —Ñ—Ä–æ–Ω—Ç–∞: CardToCardInfo{cardFromNumber='1111666677778888', cardFromValidTill='01/25', cardFromCVV='111', cardToNumber='2222666677778888', amount=Amount{value=2324300, currency='RUR'}}
3. [Mon Feb 27 23:04:26 MSK 2023] Service –ø—Ä–∏–Ω—è–ª –¥–∞–Ω–Ω—ã–µ –∫–∞—Ä—Ç: CardToCardInfo{cardFromNumber='1111666677778888', cardFromValidTill='01/25', cardFromCVV='111', cardToNumber='2222666677778888', amount=Amount{value=2324300, currency='RUR'}}
4. [Mon Feb 27 23:04:26 MSK 2023] –í—Å–µ –¥–∞–Ω–Ω—ã–µ –∫–∞—Ä—Ç –∫–æ—Ä—Ä–µ–∫—Ç–Ω—ã. –ë—É–¥–µ–º —Å–æ–∑–¥–∞–≤–∞—Ç—å OperationId...
5. [Mon Feb 27 23:04:26 MSK 2023] Controller –ø—Ä–∏–Ω—è–ª OperationID: OperationId{operationId='87703-7248716498-89576'}
6. [Mon Feb 27 23:04:26 MSK 2023] –ü–æ–ª—É—á–∏–ª–∏ –∏—Å—Ö–æ–¥–Ω—ã–µ —Å–≤–µ–¥–µ–Ω–∏—è: ConfirmationData{operationID='87703-7248716498-89576', code='0000'}
7. [Mon Feb 27 23:04:26 MSK 2023] Service –ø—Ä–∏–Ω—è–ª confirmationData: ConfirmationData{operationID='87703-7248716498-89576', code='0000'}
8. [Mon Feb 27 23:04:26 MSK 2023] [31m–ü–µ—Ä–µ–≤–æ–¥ 23243 —Ä—É–±–ª–µ–π —Å –∫–∞—Ä—Ç—ã 1111666677778888 –Ω–∞ –∫–∞—Ä—Ç—É 2222666677778888 –ø—Ä–æ–∏–∑–≤–µ–¥–µ–Ω —É—Å–ø–µ—à–Ω–æ. –ë—ã–ª–∞ –≤–∑—è—Ç–∞ –∫–æ–º–∏—Å—Å–∏—è –≤ —Ä–∞–∑–º–µ—Ä–µ 232 —Ä—É–±–ª–µ–π


–õ–û–ì –†–ê–ë–û–¢–´ –°–ï–†–í–ï–†–ê –ü–û –ü–ï–†–ï–í–û–î–£ –î–ï–ù–ï–ì –° –ö–ê–†–¢–´ –ù–ê –ö–ê–†–¢–£:
1. [Mon Feb 27 23:07:39 MSK 2023] –ó–∞–ø—É—Å—Ç–∞–µ—Ç—Å—è MoneyTransferApplication
2. [Mon Feb 27 23:08:04 MSK 2023] –ü–æ–ª—É—á–∏–ª–∏ –∏—Å—Ö–æ–¥–Ω—ã–µ —Å–≤–µ–¥–µ–Ω–∏—è —Å —Ñ—Ä–æ–Ω—Ç–∞: CardToCardInfo{cardFromNumber='1111666677778888', cardFromValidTill='01/25', cardFromCVV='111', cardToNumber='2222666677778888', amount=Amount{value=11111100, currency='RUR'}}
3. [Mon Feb 27 23:08:04 MSK 2023] Service –ø—Ä–∏–Ω—è–ª –¥–∞–Ω–Ω—ã–µ –∫–∞—Ä—Ç: CardToCardInfo{cardFromNumber='1111666677778888', cardFromValidTill='01/25', cardFromCVV='111', cardToNumber='2222666677778888', amount=Amount{value=11111100, currency='RUR'}}
4. [Mon Feb 27 23:08:04 MSK 2023] –í—Å–µ –¥–∞–Ω–Ω—ã–µ –∫–∞—Ä—Ç –∫–æ—Ä—Ä–µ–∫—Ç–Ω—ã. –ë—É–¥–µ–º —Å–æ–∑–¥–∞–≤–∞—Ç—å OperationId...
5. [Mon Feb 27 23:08:04 MSK 2023] Controller –ø—Ä–∏–Ω—è–ª OperationID: OperationId{operationId='58536-6954013073-36433'}
6. [Mon Feb 27 23:08:04 MSK 2023] –ü–æ–ª—É—á–∏–ª–∏ –∏—Å—Ö–æ–¥–Ω—ã–µ —Å–≤–µ–¥–µ–Ω–∏—è: ConfirmationData{operationID='58536-6954013073-36433', code='0000'}
7. [Mon Feb 27 23:08:04 MSK 2023] Service –ø—Ä–∏–Ω—è–ª confirmationData: ConfirmationData{operationID='58536-6954013073-36433', code='0000'}
8. [Mon Feb 27 23:08:04 MSK 2023] [31m–ü–µ—Ä–µ–≤–æ–¥ 111111 —Ä—É–±–ª–µ–π —Å –∫–∞—Ä—Ç—ã 1111666677778888 –Ω–∞ –∫–∞—Ä—Ç—É 2222666677778888 –ø—Ä–æ–∏–∑–≤–µ–¥–µ–Ω —É—Å–ø–µ—à–Ω–æ. –ë—ã–ª–∞ –≤–∑—è—Ç–∞ –∫–æ–º–∏—Å—Å–∏—è –≤ —Ä–∞–∑–º–µ—Ä–µ 1111 —Ä—É–±–ª–µ–π


–õ–û–ì –†–ê–ë–û–¢–´ –°–ï–†–í–ï–†–ê –ü–û –ü–ï–†–ï–í–û–î–£ –î–ï–ù–ï–ì –° –ö–ê–†–¢–´ –ù–ê –ö–ê–†–¢–£:
1. [Mon Feb 27 23:09:49 MSK 2023] –ó–∞–ø—É—Å—Ç–∞–µ—Ç—Å—è MoneyTransferApplication
2. [Mon Feb 27 23:10:14 MSK 2023] –ü–æ–ª—É—á–∏–ª–∏ –∏—Å—Ö–æ–¥–Ω—ã–µ —Å–≤–µ–¥–µ–Ω–∏—è —Å —Ñ—Ä–æ–Ω—Ç–∞: CardToCardInfo{cardFromNumber='1111666677778888', cardFromValidTill='01/25', cardFromCVV='111', cardToNumber='2222666677778888', amount=Amount{value=2000000, currency='RUR'}}
3. [Mon Feb 27 23:10:14 MSK 2023] Service –ø—Ä–∏–Ω—è–ª –¥–∞–Ω–Ω—ã–µ –∫–∞—Ä—Ç: CardToCardInfo{cardFromNumber='1111666677778888', cardFromValidTill='01/25', cardFromCVV='111', cardToNumber='2222666677778888', amount=Amount{value=2000000, currency='RUR'}}
4. [Mon Feb 27 23:10:14 MSK 2023] –í—Å–µ –¥–∞–Ω–Ω—ã–µ –∫–∞—Ä—Ç –∫–æ—Ä—Ä–µ–∫—Ç–Ω—ã. –ë—É–¥–µ–º —Å–æ–∑–¥–∞–≤–∞—Ç—å OperationId...
5. [Mon Feb 27 23:10:14 MSK 2023] Controller –ø—Ä–∏–Ω—è–ª OperationID: OperationId{operationId='19333-2930285741-63471'}
6. [Mon Feb 27 23:10:14 MSK 2023] –ü–æ–ª—É—á–∏–ª–∏ –∏—Å—Ö–æ–¥–Ω—ã–µ —Å–≤–µ–¥–µ–Ω–∏—è: ConfirmationData{operationID='19333-2930285741-63471', code='0000'}
7. [Mon Feb 27 23:10:14 MSK 2023] Service –ø—Ä–∏–Ω—è–ª confirmationData: ConfirmationData{operationID='19333-2930285741-63471', code='0000'}
8. [Mon Feb 27 23:10:14 MSK 2023] [31m–ü–µ—Ä–µ–≤–æ–¥ 20000 —Ä—É–±–ª–µ–π —Å –∫–∞—Ä—Ç—ã 1111666677778888 –Ω–∞ –∫–∞—Ä—Ç—É 2222666677778888 –ø—Ä–æ–∏–∑–≤–µ–¥–µ–Ω —É—Å–ø–µ—à–Ω–æ. –ë—ã–ª–∞ –≤–∑—è—Ç–∞ –∫–æ–º–∏—Å—Å–∏—è –≤ —Ä–∞–∑–º–µ—Ä–µ 200 —Ä—É–±–ª–µ–π


–õ–û–ì –†–ê–ë–û–¢–´ –°–ï–†–í–ï–†–ê –ü–û –ü–ï–†–ï–í–û–î–£ –î–ï–ù–ï–ì –° –ö–ê–†–¢–´ –ù–ê –ö–ê–†–¢–£:
1. [Mon Feb 27 23:11:23 MSK 2023] –ó–∞–ø—É—Å—Ç–∞–µ—Ç—Å—è MoneyTransferApplication
2. [Mon Feb 27 23:11:48 MSK 2023] –ü–æ–ª—É—á–∏–ª–∏ –∏—Å—Ö–æ–¥–Ω—ã–µ —Å–≤–µ–¥–µ–Ω–∏—è —Å —Ñ—Ä–æ–Ω—Ç–∞: CardToCardInfo{cardFromNumber='1111666677778888', cardFromValidTill='01/25', cardFromCVV='111', cardToNumber='2222666677778888', amount=Amount{value=3000000, currency='RUR'}}
3. [Mon Feb 27 23:11:48 MSK 2023] Service –ø—Ä–∏–Ω—è–ª –¥–∞–Ω–Ω—ã–µ –∫–∞—Ä—Ç: CardToCardInfo{cardFromNumber='1111666677778888', cardFromValidTill='01/25', cardFromCVV='111', cardToNumber='2222666677778888', amount=Amount{value=3000000, currency='RUR'}}
4. [Mon Feb 27 23:11:48 MSK 2023] –í—Å–µ –¥–∞–Ω–Ω—ã–µ –∫–∞—Ä—Ç –∫–æ—Ä—Ä–µ–∫—Ç–Ω—ã. –ë—É–¥–µ–º —Å–æ–∑–¥–∞–≤–∞—Ç—å OperationId...
5. [Mon Feb 27 23:11:48 MSK 2023] Controller –ø—Ä–∏–Ω—è–ª OperationID: OperationId{operationId='14450-3023436187-51092'}
6. [Mon Feb 27 23:11:48 MSK 2023] –ü–æ–ª—É—á–∏–ª–∏ –∏—Å—Ö–æ–¥–Ω—ã–µ —Å–≤–µ–¥–µ–Ω–∏—è: ConfirmationData{operationID='14450-3023436187-51092', code='0000'}
7. [Mon Feb 27 23:11:48 MSK 2023] Service –ø—Ä–∏–Ω—è–ª confirmationData: ConfirmationData{operationID='14450-3023436187-51092', code='0000'}
8. [Mon Feb 27 23:11:48 MSK 2023] [31m–ü–µ—Ä–µ–≤–æ–¥ 30000 —Ä—É–±–ª–µ–π —Å –∫–∞—Ä—Ç—ã 1111666677778888 –Ω–∞ –∫–∞—Ä—Ç—É 2222666677778888 –ø—Ä–æ–∏–∑–≤–µ–¥–µ–Ω —É—Å–ø–µ—à–Ω–æ. –ë—ã–ª–∞ –≤–∑—è—Ç–∞ –∫–æ–º–∏—Å—Å–∏—è –≤ —Ä–∞–∑–º–µ—Ä–µ 300 —Ä—É–±–ª–µ–π


–õ–û–ì –†–ê–ë–û–¢–´ –°–ï–†–í–ï–†–ê –ü–û –ü–ï–†–ï–í–û–î–£ –î–ï–ù–ï–ì –° –ö–ê–†–¢–´ –ù–ê –ö–ê–†–¢–£:
1. [Mon Feb 27 23:13:37 MSK 2023] –ó–∞–ø—É—Å—Ç–∞–µ—Ç—Å—è MoneyTransferApplication
2. [Mon Feb 27 23:14:00 MSK 2023] –ü–æ–ª—É—á–∏–ª–∏ –∏—Å—Ö–æ–¥–Ω—ã–µ —Å–≤–µ–¥–µ–Ω–∏—è —Å —Ñ—Ä–æ–Ω—Ç–∞: CardToCardInfo{cardFromNumber='2222666677778888', cardFromValidTill='01/25', cardFromCVV='111', cardToNumber='1111666677778888', amount=Amount{value=4000000, currency='RUR'}}
3. [Mon Feb 27 23:14:00 MSK 2023] Service –ø—Ä–∏–Ω—è–ª –¥–∞–Ω–Ω—ã–µ –∫–∞—Ä—Ç: CardToCardInfo{cardFromNumber='2222666677778888', cardFromValidTill='01/25', cardFromCVV='111', cardToNumber='1111666677778888', amount=Amount{value=4000000, currency='RUR'}}
4. [Mon Feb 27 23:14:00 MSK 2023] –ß–µ—Ç–æ —Å –∫–∞—Ä—Ç–æ–π –Ω–µ —Ç–æ: –í–≤–µ–¥–µ–Ω—ã –Ω–µ–≤–µ—Ä–Ω—ã–µ –¥–∞–Ω–Ω—ã–µ –∫–∞—Ä—Ç—ã (—Å—Ä–æ–∫ –¥–µ–π—Å—Ç–≤–∏—è / CVV –Ω–æ–º–µ—Ä)
5. [Mon Feb 27 23:16:26 MSK 2023] –ü–æ–ª—É—á–∏–ª–∏ –∏—Å—Ö–æ–¥–Ω—ã–µ —Å–≤–µ–¥–µ–Ω–∏—è —Å —Ñ—Ä–æ–Ω—Ç–∞: CardToCardInfo{cardFromNumber='1111666677778888', cardFromValidTill='01/25', cardFromCVV='111', cardToNumber='2222666677778888', amount=Amount{value=4000000, currency='RUR'}}
6. [Mon Feb 27 23:16:26 MSK 2023] Service –ø—Ä–∏–Ω—è–ª –¥–∞–Ω–Ω—ã–µ –∫–∞—Ä—Ç: CardToCardInfo{cardFromNumber='1111666677778888', cardFromValidTill='01/25', cardFromCVV='111', cardToNumber='2222666677778888', amount=Amount{value=4000000, currency='RUR'}}
7. [Mon Feb 27 23:16:26 MSK 2023] –í—Å–µ –¥–∞–Ω–Ω—ã–µ –∫–∞—Ä—Ç –∫–æ—Ä—Ä–µ–∫—Ç–Ω—ã. –ë—É–¥–µ–º —Å–æ–∑–¥–∞–≤–∞—Ç—å OperationId...
8. [Mon Feb 27 23:16:26 MSK 2023] Controller –ø—Ä–∏–Ω—è–ª OperationID: OperationId{operationId='98877-8210366332-31497'}
9. [Mon Feb 27 23:16:26 MSK 2023] –ü–æ–ª—É—á–∏–ª–∏ –∏—Å—Ö–æ–¥–Ω—ã–µ —Å–≤–µ–¥–µ–Ω–∏—è: ConfirmationData{operationID='98877-8210366332-31497', code='0000'}
10. [Mon Feb 27 23:16:26 MSK 2023] Service –ø—Ä–∏–Ω—è–ª confirmationData: ConfirmationData{operationID='98877-8210366332-31497', code='0000'}
11. [Mon Feb 27 23:16:26 MSK 2023] [31m–ü–µ—Ä–µ–≤–æ–¥ 40000 —Ä—É–±–ª–µ–π —Å –∫–∞—Ä—Ç—ã 1111666677778888 –Ω–∞ –∫–∞—Ä—Ç—É 2222666677778888 –ø—Ä–æ–∏–∑–≤–µ–¥–µ–Ω —É—Å–ø–µ—à–Ω–æ. –ë—ã–ª–∞ –≤–∑—è—Ç–∞ –∫–æ–º–∏—Å—Å–∏—è –≤ —Ä–∞–∑–º–µ—Ä–µ 400 —Ä—É–±–ª–µ–π


–õ–û–ì –†–ê–ë–û–¢–´ –°–ï–†–í–ï–†–ê –ü–û –ü–ï–†–ï–í–û–î–£ –î–ï–ù–ï–ì –° –ö–ê–†–¢–´ –ù–ê –ö–ê–†–¢–£:
1. [Tue Feb 28 15:53:13 MSK 2023] Service –ø—Ä–∏–Ω—è–ª –¥–∞–Ω–Ω—ã–µ –∫–∞—Ä—Ç: CardToCardInfo{cardFromNumber='1111666677778888', cardFromValidTill='01/25', cardFromCVV='111', cardToNumber='2222666677778888', amount=Amount{value=200000, currency='RUR'}}

–õ–û–ì –†–ê–ë–û–¢–´ –°–ï–†–í–ï–†–ê –ü–û –ü–ï–†–ï–í–û–î–£ –î–ï–ù–ï–ì –° –ö–ê–†–¢–´ –ù–ê –ö–ê–†–¢–£:
1. [Tue Feb 28 15:56:11 MSK 2023] Service –ø—Ä–∏–Ω—è–ª –¥–∞–Ω–Ω—ã–µ –∫–∞—Ä—Ç: CardToCardInfo{cardFromNumber='1111666677778888', cardFromValidTill='01/25', cardFromCVV='111', cardToNumber='2222666677778888', amount=Amount{value=200000, currency='RUR'}}

–õ–û–ì –†–ê–ë–û–¢–´ –°–ï–†–í–ï–†–ê –ü–û –ü–ï–†–ï–í–û–î–£ –î–ï–ù–ï–ì –° –ö–ê–†–¢–´ –ù–ê –ö–ê–†–¢–£:
1. [Tue Feb 28 16:25:43 MSK 2023] Service –ø—Ä–∏–Ω—è–ª –¥–∞–Ω–Ω—ã–µ –∫–∞—Ä—Ç: CardToCardInfo{cardFromNumber='1111666677778888', cardFromValidTill='01/25', cardFromCVV='111', cardToNumber='2222666677778888', amount=Amount{value=200000, currency='RUR'}}

–õ–û–ì –†–ê–ë–û–¢–´ –°–ï–†–í–ï–†–ê –ü–û –ü–ï–†–ï–í–û–î–£ –î–ï–ù–ï–ì –° –ö–ê–†–¢–´ –ù–ê –ö–ê–†–¢–£:

–õ–û–ì –†–ê–ë–û–¢–´ –°–ï–†–í–ï–†–ê –ü–û –ü–ï–†–ï–í–û–î–£ –î–ï–ù–ï–ì –° –ö–ê–†–¢–´ –ù–ê –ö–ê–†–¢–£:

–õ–û–ì –†–ê–ë–û–¢–´ –°–ï–†–í–ï–†–ê –ü–û –ü–ï–†–ï–í–û–î–£ –î–ï–ù–ï–ì –° –ö–ê–†–¢–´ –ù–ê –ö–ê–†–¢–£:
1. [Sat Mar 04 14:18:15 MSK 2023] –ó–∞–ø—É—Å—Ç–∞–µ—Ç—Å—è MoneyTransferApplication
2. [Sat Mar 04 14:24:43 MSK 2023] –ü–æ–ª—É—á–∏–ª–∏ –∏—Å—Ö–æ–¥–Ω—ã–µ —Å–≤–µ–¥–µ–Ω–∏—è —Å —Ñ—Ä–æ–Ω—Ç–∞: CardToCardInfo{cardFromNumber='1111666677778888', cardFromValidTill='01/25', cardFromCVV='111', cardToNumber='2222666677778888', amount=Amount{value=6546500, currency='RUR'}}
3. [Sat Mar 04 14:24:43 MSK 2023] Service –ø—Ä–∏–Ω—è–ª –¥–∞–Ω–Ω—ã–µ –∫–∞—Ä—Ç: CardToCardInfo{cardFromNumber='1111666677778888', cardFromValidTill='01/25', cardFromCVV='111', cardToNumber='2222666677778888', amount=Amount{value=6546500, currency='RUR'}}
4. [Sat Mar 04 14:24:43 MSK 2023] –í—Å–µ –¥–∞–Ω–Ω—ã–µ –∫–∞—Ä—Ç –∫–æ—Ä—Ä–µ–∫—Ç–Ω—ã. –ë—É–¥–µ–º —Å–æ–∑–¥–∞–≤–∞—Ç—å OperationId...
5. [Sat Mar 04 14:24:43 MSK 2023] Controller –ø—Ä–∏–Ω—è–ª OperationID: OperationId{operationId='24511-5095875849-16630'}
6. [Sat Mar 04 14:24:43 MSK 2023] –ü–æ–ª—É—á–∏–ª–∏ –∏—Å—Ö–æ–¥–Ω—ã–µ —Å–≤–µ–¥–µ–Ω–∏—è: ConfirmationData{operationID='24511-5095875849-16630', code='0000'}
7. [Sat Mar 04 14:24:43 MSK 2023] Service –ø—Ä–∏–Ω—è–ª confirmationData: ConfirmationData{operationID='24511-5095875849-16630', code='0000'}
8. [Sat Mar 04 14:24:43 MSK 2023] [31m–ü–µ—Ä–µ–≤–æ–¥ 65465 —Ä—É–±–ª–µ–π —Å –∫–∞—Ä—Ç—ã 1111666677778888 –Ω–∞ –∫–∞—Ä—Ç—É 2222666677778888 –ø—Ä–æ–∏–∑–≤–µ–¥–µ–Ω —É—Å–ø–µ—à–Ω–æ. –ë—ã–ª–∞ –≤–∑—è—Ç–∞ –∫–æ–º–∏—Å—Å–∏—è –≤ —Ä–∞–∑–º–µ—Ä–µ 654 —Ä—É–±–ª–µ–π

